[0.013s] Invoking command in '/root/ros2_ws/vs/build/my_robot_vision': CMAKE_PREFIX_PATH=/opt/ros/humble /usr/bin/cmake /root/ros2_ws/vs/src/my_robot_vision -DCMAKE_INSTALL_PREFIX=/root/ros2_ws/vs/install/my_robot_vision
[0.060s] -- The C compiler identification is GNU 11.4.0
[0.115s] -- The CXX compiler identification is GNU 11.4.0
[0.121s] -- Detecting C compiler ABI info
[0.180s] -- Detecting C compiler ABI info - done
[0.187s] -- Check for working C compiler: /usr/bin/cc - skipped
[0.187s] -- Detecting C compile features
[0.187s] -- Detecting C compile features - done
[0.190s] -- Detecting CXX compiler ABI info
[0.260s] -- Detecting CXX compiler ABI info - done
[0.273s] -- Check for working CXX compiler: /usr/bin/c++ - skipped
[0.274s] -- Detecting CXX compile features
[0.274s] -- Detecting CXX compile features - done
[0.278s] -- Found ament_cmake: 1.3.12 (/opt/ros/humble/share/ament_cmake/cmake)
[0.409s] -- Found Python3: /usr/bin/python3 (found version "3.10.12") found components: Interpreter 
[0.503s] -- Found rclcpp: 16.0.15 (/opt/ros/humble/share/rclcpp/cmake)
[0.543s] -- Found rosidl_generator_c: 3.1.7 (/opt/ros/humble/share/rosidl_generator_c/cmake)
[0.547s] -- Found rosidl_adapter: 3.1.7 (/opt/ros/humble/share/rosidl_adapter/cmake)
[0.555s] -- Found rosidl_generator_cpp: 3.1.7 (/opt/ros/humble/share/rosidl_generator_cpp/cmake)
[0.567s] -- Using all available rosidl_typesupport_c: rosidl_typesupport_fastrtps_c;rosidl_typesupport_introspection_c
[0.583s] -- Using all available rosidl_typesupport_cpp: rosidl_typesupport_fastrtps_cpp;rosidl_typesupport_introspection_cpp
[0.625s] -- Found rmw_implementation_cmake: 6.1.2 (/opt/ros/humble/share/rmw_implementation_cmake/cmake)
[0.628s] -- Found rmw_fastrtps_cpp: 6.2.9 (/opt/ros/humble/share/rmw_fastrtps_cpp/cmake)
[0.704s] -- Found OpenSSL: /usr/lib/x86_64-linux-gnu/libcrypto.so (found version "3.0.2")  
[0.739s] -- Found FastRTPS: /opt/ros/humble/include  
[0.794s] -- Using RMW implementation 'rmw_fastrtps_cpp' as default
[0.805s] -- Looking for pthread.h
[0.877s] -- Looking for pthread.h - found
[0.877s] -- Performing Test CMAKE_HAVE_LIBC_PTHREAD
[0.944s] -- Performing Test CMAKE_HAVE_LIBC_PTHREAD - Success
[0.945s] -- Found Threads: TRUE  
[0.992s] -- Found sensor_msgs: 4.9.0 (/opt/ros/humble/share/sensor_msgs/cmake)
[1.022s] -- Found cv_bridge: 3.2.1 (/opt/ros/humble/share/cv_bridge/cmake)
[1.034s] -- Found image_transport: 3.1.12 (/opt/ros/humble/share/image_transport/cmake)
[1.071s] -- Found OpenCV: /usr (found version "4.5.4") 
[1.074s] -- Found ament_lint_auto: 0.12.14 (/opt/ros/humble/share/ament_lint_auto/cmake)
[1.147s] -- Added test 'cppcheck' to perform static code analysis on C / C++ code
[1.147s] -- Configured cppcheck include dirs: 
[1.147s] -- Configured cppcheck exclude dirs and/or files: 
[1.147s] -- Added test 'lint_cmake' to check CMake code style
[1.148s] -- Added test 'uncrustify' to check C / C++ code style
[1.148s] -- Configured uncrustify additional arguments: 
[1.148s] -- Added test 'xmllint' to check XML markup files
[1.149s] -- Configuring done
[1.161s] -- Generating done
[1.165s] -- Build files have been written to: /root/ros2_ws/vs/build/my_robot_vision
[1.175s] Invoked command in '/root/ros2_ws/vs/build/my_robot_vision' returned '0': CMAKE_PREFIX_PATH=/opt/ros/humble /usr/bin/cmake /root/ros2_ws/vs/src/my_robot_vision -DCMAKE_INSTALL_PREFIX=/root/ros2_ws/vs/install/my_robot_vision
[1.176s] Invoking command in '/root/ros2_ws/vs/build/my_robot_vision': CMAKE_PREFIX_PATH=/opt/ros/humble /usr/bin/cmake --build /root/ros2_ws/vs/build/my_robot_vision -- -j8 -l8
[1.217s] [ 50%] [32mBuilding CXX object CMakeFiles/camera_safety.dir/src/camera_safety.cpp.o[0m
[15.379s] [100%] [32m[1mLinking CXX executable camera_safety[0m
[16.874s] [100%] Built target camera_safety
[16.902s] Invoked command in '/root/ros2_ws/vs/build/my_robot_vision' returned '0': CMAKE_PREFIX_PATH=/opt/ros/humble /usr/bin/cmake --build /root/ros2_ws/vs/build/my_robot_vision -- -j8 -l8
[16.904s] Invoking command in '/root/ros2_ws/vs/build/my_robot_vision': CMAKE_PREFIX_PATH=/opt/ros/humble /usr/bin/cmake --install /root/ros2_ws/vs/build/my_robot_vision
[16.926s] -- Install configuration: ""
[16.926s] -- Installing: /root/ros2_ws/vs/install/my_robot_vision/lib/my_robot_vision/camera_safety
[16.928s] -- Set runtime path of "/root/ros2_ws/vs/install/my_robot_vision/lib/my_robot_vision/camera_safety" to ""
[16.928s] -- Installing: /root/ros2_ws/vs/install/my_robot_vision/share/ament_index/resource_index/package_run_dependencies/my_robot_vision
[16.928s] -- Installing: /root/ros2_ws/vs/install/my_robot_vision/share/ament_index/resource_index/parent_prefix_path/my_robot_vision
[16.928s] -- Installing: /root/ros2_ws/vs/install/my_robot_vision/share/my_robot_vision/environment/ament_prefix_path.sh
[16.928s] -- Installing: /root/ros2_ws/vs/install/my_robot_vision/share/my_robot_vision/environment/ament_prefix_path.dsv
[16.929s] -- Installing: /root/ros2_ws/vs/install/my_robot_vision/share/my_robot_vision/environment/path.sh
[16.929s] -- Installing: /root/ros2_ws/vs/install/my_robot_vision/share/my_robot_vision/environment/path.dsv
[16.929s] -- Installing: /root/ros2_ws/vs/install/my_robot_vision/share/my_robot_vision/local_setup.bash
[16.929s] -- Installing: /root/ros2_ws/vs/install/my_robot_vision/share/my_robot_vision/local_setup.sh
[16.929s] -- Installing: /root/ros2_ws/vs/install/my_robot_vision/share/my_robot_vision/local_setup.zsh
[16.930s] -- Installing: /root/ros2_ws/vs/install/my_robot_vision/share/my_robot_vision/local_setup.dsv
[16.930s] -- Installing: /root/ros2_ws/vs/install/my_robot_vision/share/my_robot_vision/package.dsv
[16.930s] -- Installing: /root/ros2_ws/vs/install/my_robot_vision/share/ament_index/resource_index/packages/my_robot_vision
[16.930s] -- Installing: /root/ros2_ws/vs/install/my_robot_vision/share/my_robot_vision/cmake/my_robot_visionConfig.cmake
[16.930s] -- Installing: /root/ros2_ws/vs/install/my_robot_vision/share/my_robot_vision/cmake/my_robot_visionConfig-version.cmake
[16.931s] -- Installing: /root/ros2_ws/vs/install/my_robot_vision/share/my_robot_vision/package.xml
[16.951s] Invoked command in '/root/ros2_ws/vs/build/my_robot_vision' returned '0': CMAKE_PREFIX_PATH=/opt/ros/humble /usr/bin/cmake --install /root/ros2_ws/vs/build/my_robot_vision
