[0.105s] DEBUG:colcon:Command line arguments: ['/usr/bin/colcon', 'build']
[0.105s] DEBUG:colcon:Parsed command line arguments: Namespace(log_base=None, log_level=None, verb_name='build', build_base='build', install_base='install', merge_install=False, symlink_install=False, test_result_base=None, continue_on_error=False, executor='parallel', parallel_workers=8, event_handlers=None, ignore_user_meta=False, metas=['./colcon.meta'], base_paths=['.'], packages_ignore=None, packages_ignore_regex=None, paths=None, packages_up_to=None, packages_up_to_regex=None, packages_above=None, packages_above_and_dependencies=None, packages_above_depth=None, packages_select_by_dep=None, packages_skip_by_dep=None, packages_skip_up_to=None, packages_select_build_failed=False, packages_skip_build_finished=False, packages_select_test_failures=False, packages_skip_test_passed=False, packages_select=None, packages_skip=None, packages_select_regex=None, packages_skip_regex=None, packages_start=None, packages_end=None, cmake_args=None, cmake_target=None, cmake_target_skip_unavailable=False, cmake_clean_cache=False, cmake_clean_first=False, cmake_force_configure=False, ament_cmake_args=None, catkin_cmake_args=None, catkin_skip_building_tests=False, mixin_files=None, mixin=None, verb_parser=<colcon_mixin.mixin.mixin_argument.MixinArgumentDecorator object at 0x7ff3fdaade10>, verb_extension=<colcon_core.verb.build.BuildVerb object at 0x7ff3fdaad810>, main=<bound method BuildVerb.main of <colcon_core.verb.build.BuildVerb object at 0x7ff3fdaad810>>, mixin_verb=('build',))
[0.212s] Level 1:colcon.colcon_core.package_discovery:discover_packages(colcon_meta) check parameters
[0.212s] INFO:colcon.colcon_metadata.package_discovery.colcon_meta:Using configuration from '/root/.colcon/metadata/default/Gazebo.meta'
[0.213s] INFO:colcon.colcon_metadata.package_discovery.colcon_meta:Using configuration from '/root/.colcon/metadata/default/fastdds.meta'
[0.213s] INFO:colcon.colcon_metadata.package_discovery.colcon_meta:Using configuration from '/root/.colcon/metadata/default/fastrtps.meta'
[0.213s] Level 1:colcon.colcon_core.package_discovery:discover_packages(recursive) check parameters
[0.213s] Level 1:colcon.colcon_core.package_discovery:discover_packages(ignore) check parameters
[0.213s] Level 1:colcon.colcon_core.package_discovery:discover_packages(path) check parameters
[0.213s] Level 1:colcon.colcon_core.package_discovery:discover_packages(colcon_meta) discover
[0.214s] Level 1:colcon.colcon_core.package_discovery:discover_packages(recursive) discover
[0.214s] INFO:colcon.colcon_core.package_discovery:Crawling recursively for packages in '/root/ros2_ws/vs'
[0.214s] Level 1:colcon.colcon_core.package_identification:_identify(.) by extensions ['ignore', 'ignore_ament_install']
[0.214s] Level 1:colcon.colcon_core.package_identification:_identify(.) by extension 'ignore'
[0.214s] Level 1:colcon.colcon_core.package_identification:_identify(.) by extension 'ignore_ament_install'
[0.214s] Level 1:colcon.colcon_core.package_identification:_identify(.) by extensions ['colcon_pkg']
[0.214s] Level 1:colcon.colcon_core.package_identification:_identify(.) by extension 'colcon_pkg'
[0.214s] Level 1:colcon.colcon_core.package_identification:_identify(.) by extensions ['colcon_meta']
[0.214s] Level 1:colcon.colcon_core.package_identification:_identify(.) by extension 'colcon_meta'
[0.214s] Level 1:colcon.colcon_core.package_identification:_identify(.) by extensions ['ros']
[0.214s] Level 1:colcon.colcon_core.package_identification:_identify(.) by extension 'ros'
[0.224s] Level 1:colcon.colcon_core.package_identification:_identify(.) by extensions ['cmake', 'python']
[0.224s] Level 1:colcon.colcon_core.package_identification:_identify(.) by extension 'cmake'
[0.224s] Level 1:colcon.colcon_core.package_identification:_identify(.) by extension 'python'
[0.224s] Level 1:colcon.colcon_core.package_identification:_identify(.) by extensions ['python_setup_py']
[0.224s] Level 1:colcon.colcon_core.package_identification:_identify(.) by extension 'python_setup_py'
[0.224s] Level 1:colcon.colcon_core.package_identification:_identify(build) by extensions ['ignore', 'ignore_ament_install']
[0.224s] Level 1:colcon.colcon_core.package_identification:_identify(build) by extension 'ignore'
[0.224s] Level 1:colcon.colcon_core.package_identification:_identify(build) ignored
[0.225s] Level 1:colcon.colcon_core.package_identification:_identify(install) by extensions ['ignore', 'ignore_ament_install']
[0.225s] Level 1:colcon.colcon_core.package_identification:_identify(install) by extension 'ignore'
[0.225s] Level 1:colcon.colcon_core.package_identification:_identify(install) ignored
[0.225s] Level 1:colcon.colcon_core.package_identification:_identify(log) by extensions ['ignore', 'ignore_ament_install']
[0.225s] Level 1:colcon.colcon_core.package_identification:_identify(log) by extension 'ignore'
[0.225s] Level 1:colcon.colcon_core.package_identification:_identify(log) ignored
[0.225s] Level 1:colcon.colcon_core.package_identification:_identify(src) by extensions ['ignore', 'ignore_ament_install']
[0.225s] Level 1:colcon.colcon_core.package_identification:_identify(src) by extension 'ignore'
[0.225s] Level 1:colcon.colcon_core.package_identification:_identify(src) by extension 'ignore_ament_install'
[0.225s] Level 1:colcon.colcon_core.package_identification:_identify(src) by extensions ['colcon_pkg']
[0.225s] Level 1:colcon.colcon_core.package_identification:_identify(src) by extension 'colcon_pkg'
[0.225s] Level 1:colcon.colcon_core.package_identification:_identify(src) by extensions ['colcon_meta']
[0.225s] Level 1:colcon.colcon_core.package_identification:_identify(src) by extension 'colcon_meta'
[0.225s] Level 1:colcon.colcon_core.package_identification:_identify(src) by extensions ['ros']
[0.225s] Level 1:colcon.colcon_core.package_identification:_identify(src) by extension 'ros'
[0.225s] Level 1:colcon.colcon_core.package_identification:_identify(src) by extensions ['cmake', 'python']
[0.225s] Level 1:colcon.colcon_core.package_identification:_identify(src) by extension 'cmake'
[0.225s] Level 1:colcon.colcon_core.package_identification:_identify(src) by extension 'python'
[0.225s] Level 1:colcon.colcon_core.package_identification:_identify(src) by extensions ['python_setup_py']
[0.225s] Level 1:colcon.colcon_core.package_identification:_identify(src) by extension 'python_setup_py'
[0.225s] Level 1:colcon.colcon_core.package_identification:_identify(src/my_robot_controller) by extensions ['ignore', 'ignore_ament_install']
[0.226s] Level 1:colcon.colcon_core.package_identification:_identify(src/my_robot_controller) by extension 'ignore'
[0.226s] Level 1:colcon.colcon_core.package_identification:_identify(src/my_robot_controller) by extension 'ignore_ament_install'
[0.226s] Level 1:colcon.colcon_core.package_identification:_identify(src/my_robot_controller) by extensions ['colcon_pkg']
[0.226s] Level 1:colcon.colcon_core.package_identification:_identify(src/my_robot_controller) by extension 'colcon_pkg'
[0.226s] Level 1:colcon.colcon_core.package_identification:_identify(src/my_robot_controller) by extensions ['colcon_meta']
[0.226s] Level 1:colcon.colcon_core.package_identification:_identify(src/my_robot_controller) by extension 'colcon_meta'
[0.226s] Level 1:colcon.colcon_core.package_identification:_identify(src/my_robot_controller) by extensions ['ros']
[0.226s] Level 1:colcon.colcon_core.package_identification:_identify(src/my_robot_controller) by extension 'ros'
[0.229s] DEBUG:colcon.colcon_core.package_identification:Package 'src/my_robot_controller' with type 'ros.ament_cmake' and name 'my_robot_controller'
[0.229s] Level 1:colcon.colcon_core.package_identification:_identify(src/my_robot_description) by extensions ['ignore', 'ignore_ament_install']
[0.229s] Level 1:colcon.colcon_core.package_identification:_identify(src/my_robot_description) by extension 'ignore'
[0.229s] Level 1:colcon.colcon_core.package_identification:_identify(src/my_robot_description) by extension 'ignore_ament_install'
[0.229s] Level 1:colcon.colcon_core.package_identification:_identify(src/my_robot_description) by extensions ['colcon_pkg']
[0.229s] Level 1:colcon.colcon_core.package_identification:_identify(src/my_robot_description) by extension 'colcon_pkg'
[0.229s] Level 1:colcon.colcon_core.package_identification:_identify(src/my_robot_description) by extensions ['colcon_meta']
[0.229s] Level 1:colcon.colcon_core.package_identification:_identify(src/my_robot_description) by extension 'colcon_meta'
[0.229s] Level 1:colcon.colcon_core.package_identification:_identify(src/my_robot_description) by extensions ['ros']
[0.229s] Level 1:colcon.colcon_core.package_identification:_identify(src/my_robot_description) by extension 'ros'
[0.230s] DEBUG:colcon.colcon_core.package_identification:Package 'src/my_robot_description' with type 'ros.ament_cmake' and name 'my_robot_description'
[0.230s] Level 1:colcon.colcon_core.package_identification:_identify(src/my_robot_teleop) by extensions ['ignore', 'ignore_ament_install']
[0.230s] Level 1:colcon.colcon_core.package_identification:_identify(src/my_robot_teleop) by extension 'ignore'
[0.230s] Level 1:colcon.colcon_core.package_identification:_identify(src/my_robot_teleop) by extension 'ignore_ament_install'
[0.230s] Level 1:colcon.colcon_core.package_identification:_identify(src/my_robot_teleop) by extensions ['colcon_pkg']
[0.230s] Level 1:colcon.colcon_core.package_identification:_identify(src/my_robot_teleop) by extension 'colcon_pkg'
[0.230s] Level 1:colcon.colcon_core.package_identification:_identify(src/my_robot_teleop) by extensions ['colcon_meta']
[0.230s] Level 1:colcon.colcon_core.package_identification:_identify(src/my_robot_teleop) by extension 'colcon_meta'
[0.230s] Level 1:colcon.colcon_core.package_identification:_identify(src/my_robot_teleop) by extensions ['ros']
[0.230s] Level 1:colcon.colcon_core.package_identification:_identify(src/my_robot_teleop) by extension 'ros'
[0.231s] DEBUG:colcon.colcon_core.package_identification:Package 'src/my_robot_teleop' with type 'ros.ament_cmake' and name 'my_robot_teleop'
[0.231s] Level 1:colcon.colcon_core.package_identification:_identify(src/my_robot_vision) by extensions ['ignore', 'ignore_ament_install']
[0.231s] Level 1:colcon.colcon_core.package_identification:_identify(src/my_robot_vision) by extension 'ignore'
[0.231s] Level 1:colcon.colcon_core.package_identification:_identify(src/my_robot_vision) by extension 'ignore_ament_install'
[0.231s] Level 1:colcon.colcon_core.package_identification:_identify(src/my_robot_vision) by extensions ['colcon_pkg']
[0.231s] Level 1:colcon.colcon_core.package_identification:_identify(src/my_robot_vision) by extension 'colcon_pkg'
[0.231s] Level 1:colcon.colcon_core.package_identification:_identify(src/my_robot_vision) by extensions ['colcon_meta']
[0.231s] Level 1:colcon.colcon_core.package_identification:_identify(src/my_robot_vision) by extension 'colcon_meta'
[0.231s] Level 1:colcon.colcon_core.package_identification:_identify(src/my_robot_vision) by extensions ['ros']
[0.231s] Level 1:colcon.colcon_core.package_identification:_identify(src/my_robot_vision) by extension 'ros'
[0.232s] DEBUG:colcon.colcon_core.package_identification:Package 'src/my_robot_vision' with type 'ros.ament_cmake' and name 'my_robot_vision'
[0.232s] Level 1:colcon.colcon_core.package_discovery:discover_packages(recursive) using defaults
[0.232s] Level 1:colcon.colcon_core.package_discovery:discover_packages(ignore) discover
[0.232s] Level 1:colcon.colcon_core.package_discovery:discover_packages(ignore) using defaults
[0.232s] Level 1:colcon.colcon_core.package_discovery:discover_packages(path) discover
[0.232s] Level 1:colcon.colcon_core.package_discovery:discover_packages(path) using defaults
[0.251s] Level 5:colcon.colcon_core.verb:set package 'my_robot_controller' build argument 'cmake_args' from command line to 'None'
[0.251s] Level 5:colcon.colcon_core.verb:set package 'my_robot_controller' build argument 'cmake_target' from command line to 'None'
[0.251s] Level 5:colcon.colcon_core.verb:set package 'my_robot_controller' build argument 'cmake_target_skip_unavailable' from command line to 'False'
[0.251s] Level 5:colcon.colcon_core.verb:set package 'my_robot_controller' build argument 'cmake_clean_cache' from command line to 'False'
[0.251s] Level 5:colcon.colcon_core.verb:set package 'my_robot_controller' build argument 'cmake_clean_first' from command line to 'False'
[0.251s] Level 5:colcon.colcon_core.verb:set package 'my_robot_controller' build argument 'cmake_force_configure' from command line to 'False'
[0.251s] Level 5:colcon.colcon_core.verb:set package 'my_robot_controller' build argument 'ament_cmake_args' from command line to 'None'
[0.251s] Level 5:colcon.colcon_core.verb:set package 'my_robot_controller' build argument 'catkin_cmake_args' from command line to 'None'
[0.251s] Level 5:colcon.colcon_core.verb:set package 'my_robot_controller' build argument 'catkin_skip_building_tests' from command line to 'False'
[0.251s] DEBUG:colcon.colcon_core.verb:Building package 'my_robot_controller' with the following arguments: {'ament_cmake_args': None, 'build_base': '/root/ros2_ws/vs/build/my_robot_controller', 'catkin_cmake_args': None, 'catkin_skip_building_tests': False, 'cmake_args': None, 'cmake_clean_cache': False, 'cmake_clean_first': False, 'cmake_force_configure': False, 'cmake_target': None, 'cmake_target_skip_unavailable': False, 'install_base': '/root/ros2_ws/vs/install/my_robot_controller', 'merge_install': False, 'path': '/root/ros2_ws/vs/src/my_robot_controller', 'symlink_install': False, 'test_result_base': None}
[0.252s] Level 5:colcon.colcon_core.verb:set package 'my_robot_description' build argument 'cmake_args' from command line to 'None'
[0.252s] Level 5:colcon.colcon_core.verb:set package 'my_robot_description' build argument 'cmake_target' from command line to 'None'
[0.252s] Level 5:colcon.colcon_core.verb:set package 'my_robot_description' build argument 'cmake_target_skip_unavailable' from command line to 'False'
[0.252s] Level 5:colcon.colcon_core.verb:set package 'my_robot_description' build argument 'cmake_clean_cache' from command line to 'False'
[0.252s] Level 5:colcon.colcon_core.verb:set package 'my_robot_description' build argument 'cmake_clean_first' from command line to 'False'
[0.252s] Level 5:colcon.colcon_core.verb:set package 'my_robot_description' build argument 'cmake_force_configure' from command line to 'False'
[0.252s] Level 5:colcon.colcon_core.verb:set package 'my_robot_description' build argument 'ament_cmake_args' from command line to 'None'
[0.252s] Level 5:colcon.colcon_core.verb:set package 'my_robot_description' build argument 'catkin_cmake_args' from command line to 'None'
[0.252s] Level 5:colcon.colcon_core.verb:set package 'my_robot_description' build argument 'catkin_skip_building_tests' from command line to 'False'
[0.252s] DEBUG:colcon.colcon_core.verb:Building package 'my_robot_description' with the following arguments: {'ament_cmake_args': None, 'build_base': '/root/ros2_ws/vs/build/my_robot_description', 'catkin_cmake_args': None, 'catkin_skip_building_tests': False, 'cmake_args': None, 'cmake_clean_cache': False, 'cmake_clean_first': False, 'cmake_force_configure': False, 'cmake_target': None, 'cmake_target_skip_unavailable': False, 'install_base': '/root/ros2_ws/vs/install/my_robot_description', 'merge_install': False, 'path': '/root/ros2_ws/vs/src/my_robot_description', 'symlink_install': False, 'test_result_base': None}
[0.252s] Level 5:colcon.colcon_core.verb:set package 'my_robot_teleop' build argument 'cmake_args' from command line to 'None'
[0.252s] Level 5:colcon.colcon_core.verb:set package 'my_robot_teleop' build argument 'cmake_target' from command line to 'None'
[0.252s] Level 5:colcon.colcon_core.verb:set package 'my_robot_teleop' build argument 'cmake_target_skip_unavailable' from command line to 'False'
[0.252s] Level 5:colcon.colcon_core.verb:set package 'my_robot_teleop' build argument 'cmake_clean_cache' from command line to 'False'
[0.252s] Level 5:colcon.colcon_core.verb:set package 'my_robot_teleop' build argument 'cmake_clean_first' from command line to 'False'
[0.252s] Level 5:colcon.colcon_core.verb:set package 'my_robot_teleop' build argument 'cmake_force_configure' from command line to 'False'
[0.252s] Level 5:colcon.colcon_core.verb:set package 'my_robot_teleop' build argument 'ament_cmake_args' from command line to 'None'
[0.252s] Level 5:colcon.colcon_core.verb:set package 'my_robot_teleop' build argument 'catkin_cmake_args' from command line to 'None'
[0.252s] Level 5:colcon.colcon_core.verb:set package 'my_robot_teleop' build argument 'catkin_skip_building_tests' from command line to 'False'
[0.252s] DEBUG:colcon.colcon_core.verb:Building package 'my_robot_teleop' with the following arguments: {'ament_cmake_args': None, 'build_base': '/root/ros2_ws/vs/build/my_robot_teleop', 'catkin_cmake_args': None, 'catkin_skip_building_tests': False, 'cmake_args': None, 'cmake_clean_cache': False, 'cmake_clean_first': False, 'cmake_force_configure': False, 'cmake_target': None, 'cmake_target_skip_unavailable': False, 'install_base': '/root/ros2_ws/vs/install/my_robot_teleop', 'merge_install': False, 'path': '/root/ros2_ws/vs/src/my_robot_teleop', 'symlink_install': False, 'test_result_base': None}
[0.253s] Level 5:colcon.colcon_core.verb:set package 'my_robot_vision' build argument 'cmake_args' from command line to 'None'
[0.253s] Level 5:colcon.colcon_core.verb:set package 'my_robot_vision' build argument 'cmake_target' from command line to 'None'
[0.253s] Level 5:colcon.colcon_core.verb:set package 'my_robot_vision' build argument 'cmake_target_skip_unavailable' from command line to 'False'
[0.253s] Level 5:colcon.colcon_core.verb:set package 'my_robot_vision' build argument 'cmake_clean_cache' from command line to 'False'
[0.253s] Level 5:colcon.colcon_core.verb:set package 'my_robot_vision' build argument 'cmake_clean_first' from command line to 'False'
[0.253s] Level 5:colcon.colcon_core.verb:set package 'my_robot_vision' build argument 'cmake_force_configure' from command line to 'False'
[0.253s] Level 5:colcon.colcon_core.verb:set package 'my_robot_vision' build argument 'ament_cmake_args' from command line to 'None'
[0.253s] Level 5:colcon.colcon_core.verb:set package 'my_robot_vision' build argument 'catkin_cmake_args' from command line to 'None'
[0.253s] Level 5:colcon.colcon_core.verb:set package 'my_robot_vision' build argument 'catkin_skip_building_tests' from command line to 'False'
[0.253s] DEBUG:colcon.colcon_core.verb:Building package 'my_robot_vision' with the following arguments: {'ament_cmake_args': None, 'build_base': '/root/ros2_ws/vs/build/my_robot_vision', 'catkin_cmake_args': None, 'catkin_skip_building_tests': False, 'cmake_args': None, 'cmake_clean_cache': False, 'cmake_clean_first': False, 'cmake_force_configure': False, 'cmake_target': None, 'cmake_target_skip_unavailable': False, 'install_base': '/root/ros2_ws/vs/install/my_robot_vision', 'merge_install': False, 'path': '/root/ros2_ws/vs/src/my_robot_vision', 'symlink_install': False, 'test_result_base': None}
[0.253s] INFO:colcon.colcon_core.executor:Executing jobs using 'parallel' executor
[0.254s] DEBUG:colcon.colcon_parallel_executor.executor.parallel:run_until_complete
[0.254s] INFO:colcon.colcon_ros.task.ament_cmake.build:Building ROS package in '/root/ros2_ws/vs/src/my_robot_controller' with build type 'ament_cmake'
[0.255s] INFO:colcon.colcon_cmake.task.cmake.build:Building CMake package in '/root/ros2_ws/vs/src/my_robot_controller'
[0.256s] INFO:colcon.colcon_core.plugin_system:Skipping extension 'colcon_core.shell.bat': Not used on non-Windows systems
[0.256s] INFO:colcon.colcon_core.shell:Skip shell extension 'powershell' for command environment: Not usable outside of PowerShell
[0.256s] DEBUG:colcon.colcon_core.shell:Skip shell extension 'dsv' for command environment
[0.260s] INFO:colcon.colcon_ros.task.ament_cmake.build:Building ROS package in '/root/ros2_ws/vs/src/my_robot_description' with build type 'ament_cmake'
[0.260s] INFO:colcon.colcon_cmake.task.cmake.build:Building CMake package in '/root/ros2_ws/vs/src/my_robot_description'
[0.260s] INFO:colcon.colcon_core.shell:Skip shell extension 'powershell' for command environment: Not usable outside of PowerShell
[0.260s] DEBUG:colcon.colcon_core.shell:Skip shell extension 'dsv' for command environment
[0.262s] INFO:colcon.colcon_ros.task.ament_cmake.build:Building ROS package in '/root/ros2_ws/vs/src/my_robot_teleop' with build type 'ament_cmake'
[0.262s] INFO:colcon.colcon_cmake.task.cmake.build:Building CMake package in '/root/ros2_ws/vs/src/my_robot_teleop'
[0.263s] INFO:colcon.colcon_core.shell:Skip shell extension 'powershell' for command environment: Not usable outside of PowerShell
[0.263s] DEBUG:colcon.colcon_core.shell:Skip shell extension 'dsv' for command environment
[0.265s] INFO:colcon.colcon_ros.task.ament_cmake.build:Building ROS package in '/root/ros2_ws/vs/src/my_robot_vision' with build type 'ament_cmake'
[0.265s] INFO:colcon.colcon_cmake.task.cmake.build:Building CMake package in '/root/ros2_ws/vs/src/my_robot_vision'
[0.265s] INFO:colcon.colcon_core.shell:Skip shell extension 'powershell' for command environment: Not usable outside of PowerShell
[0.265s] DEBUG:colcon.colcon_core.shell:Skip shell extension 'dsv' for command environment
[0.270s] DEBUG:colcon.colcon_core.event_handler.log_command:Invoking command in '/root/ros2_ws/vs/build/my_robot_controller': CMAKE_PREFIX_PATH=/opt/ros/humble /usr/bin/cmake /root/ros2_ws/vs/src/my_robot_controller -DCMAKE_INSTALL_PREFIX=/root/ros2_ws/vs/install/my_robot_controller
[0.272s] DEBUG:colcon.colcon_core.event_handler.log_command:Invoking command in '/root/ros2_ws/vs/build/my_robot_description': CMAKE_PREFIX_PATH=/opt/ros/humble /usr/bin/cmake /root/ros2_ws/vs/src/my_robot_description -DCMAKE_INSTALL_PREFIX=/root/ros2_ws/vs/install/my_robot_description
[0.275s] DEBUG:colcon.colcon_core.event_handler.log_command:Invoking command in '/root/ros2_ws/vs/build/my_robot_teleop': CMAKE_PREFIX_PATH=/opt/ros/humble /usr/bin/cmake /root/ros2_ws/vs/src/my_robot_teleop -DCMAKE_INSTALL_PREFIX=/root/ros2_ws/vs/install/my_robot_teleop
[0.277s] DEBUG:colcon.colcon_core.event_handler.log_command:Invoking command in '/root/ros2_ws/vs/build/my_robot_vision': CMAKE_PREFIX_PATH=/opt/ros/humble /usr/bin/cmake /root/ros2_ws/vs/src/my_robot_vision -DCMAKE_INSTALL_PREFIX=/root/ros2_ws/vs/install/my_robot_vision
[0.797s] DEBUG:colcon.colcon_core.event_handler.log_command:Invoked command in '/root/ros2_ws/vs/build/my_robot_description' returned '0': CMAKE_PREFIX_PATH=/opt/ros/humble /usr/bin/cmake /root/ros2_ws/vs/src/my_robot_description -DCMAKE_INSTALL_PREFIX=/root/ros2_ws/vs/install/my_robot_description
[0.800s] DEBUG:colcon.colcon_core.event_handler.log_command:Invoking command in '/root/ros2_ws/vs/build/my_robot_description': CMAKE_PREFIX_PATH=/opt/ros/humble /usr/bin/cmake --build /root/ros2_ws/vs/build/my_robot_description -- -j8 -l8
[0.832s] DEBUG:colcon.colcon_core.event_handler.log_command:Invoked command in '/root/ros2_ws/vs/build/my_robot_description' returned '0': CMAKE_PREFIX_PATH=/opt/ros/humble /usr/bin/cmake --build /root/ros2_ws/vs/build/my_robot_description -- -j8 -l8
[0.840s] DEBUG:colcon.colcon_core.event_handler.log_command:Invoking command in '/root/ros2_ws/vs/build/my_robot_description': CMAKE_PREFIX_PATH=/opt/ros/humble /usr/bin/cmake --install /root/ros2_ws/vs/build/my_robot_description
[0.849s] Level 1:colcon.colcon_core.environment:create_environment_scripts_only(my_robot_description)
[0.850s] DEBUG:colcon.colcon_core.event_handler.log_command:Invoked command in '/root/ros2_ws/vs/build/my_robot_description' returned '0': CMAKE_PREFIX_PATH=/opt/ros/humble /usr/bin/cmake --install /root/ros2_ws/vs/build/my_robot_description
[0.853s] Level 1:colcon.colcon_core.environment:checking '/root/ros2_ws/vs/install/my_robot_description' for CMake module files
[0.854s] Level 1:colcon.colcon_core.environment:checking '/root/ros2_ws/vs/install/my_robot_description' for CMake config files
[0.854s] Level 1:colcon.colcon_core.shell:create_environment_hook('my_robot_description', 'cmake_prefix_path')
[0.854s] INFO:colcon.colcon_core.shell:Creating environment hook '/root/ros2_ws/vs/install/my_robot_description/share/my_robot_description/hook/cmake_prefix_path.ps1'
[0.855s] INFO:colcon.colcon_core.shell:Creating environment descriptor '/root/ros2_ws/vs/install/my_robot_description/share/my_robot_description/hook/cmake_prefix_path.dsv'
[0.856s] INFO:colcon.colcon_core.shell:Creating environment hook '/root/ros2_ws/vs/install/my_robot_description/share/my_robot_description/hook/cmake_prefix_path.sh'
[0.857s] Level 1:colcon.colcon_core.environment:checking '/root/ros2_ws/vs/install/my_robot_description/bin'
[0.857s] Level 1:colcon.colcon_core.environment:checking '/root/ros2_ws/vs/install/my_robot_description/lib/pkgconfig/my_robot_description.pc'
[0.859s] Level 1:colcon.colcon_core.environment:checking '/root/ros2_ws/vs/install/my_robot_description/lib/python3.10/site-packages'
[0.860s] Level 1:colcon.colcon_core.environment:checking '/root/ros2_ws/vs/install/my_robot_description/bin'
[0.860s] INFO:colcon.colcon_core.shell:Creating package script '/root/ros2_ws/vs/install/my_robot_description/share/my_robot_description/package.ps1'
[0.861s] INFO:colcon.colcon_core.shell:Creating package descriptor '/root/ros2_ws/vs/install/my_robot_description/share/my_robot_description/package.dsv'
[0.862s] INFO:colcon.colcon_core.shell:Creating package script '/root/ros2_ws/vs/install/my_robot_description/share/my_robot_description/package.sh'
[0.863s] INFO:colcon.colcon_core.shell:Creating package script '/root/ros2_ws/vs/install/my_robot_description/share/my_robot_description/package.bash'
[0.864s] INFO:colcon.colcon_core.shell:Creating package script '/root/ros2_ws/vs/install/my_robot_description/share/my_robot_description/package.zsh'
[0.865s] Level 1:colcon.colcon_core.environment:create_file_with_runtime_dependencies(/root/ros2_ws/vs/install/my_robot_description/share/colcon-core/packages/my_robot_description)
[0.866s] Level 1:colcon.colcon_core.environment:create_environment_scripts_only(my_robot_description)
[0.866s] Level 1:colcon.colcon_core.environment:checking '/root/ros2_ws/vs/install/my_robot_description' for CMake module files
[0.867s] Level 1:colcon.colcon_core.environment:checking '/root/ros2_ws/vs/install/my_robot_description' for CMake config files
[0.867s] Level 1:colcon.colcon_core.shell:create_environment_hook('my_robot_description', 'cmake_prefix_path')
[0.867s] INFO:colcon.colcon_core.shell:Creating environment hook '/root/ros2_ws/vs/install/my_robot_description/share/my_robot_description/hook/cmake_prefix_path.ps1'
[0.868s] INFO:colcon.colcon_core.shell:Creating environment descriptor '/root/ros2_ws/vs/install/my_robot_description/share/my_robot_description/hook/cmake_prefix_path.dsv'
[0.868s] INFO:colcon.colcon_core.shell:Creating environment hook '/root/ros2_ws/vs/install/my_robot_description/share/my_robot_description/hook/cmake_prefix_path.sh'
[0.869s] Level 1:colcon.colcon_core.environment:checking '/root/ros2_ws/vs/install/my_robot_description/bin'
[0.869s] Level 1:colcon.colcon_core.environment:checking '/root/ros2_ws/vs/install/my_robot_description/lib/pkgconfig/my_robot_description.pc'
[0.869s] Level 1:colcon.colcon_core.environment:checking '/root/ros2_ws/vs/install/my_robot_description/lib/python3.10/site-packages'
[0.870s] Level 1:colcon.colcon_core.environment:checking '/root/ros2_ws/vs/install/my_robot_description/bin'
[0.870s] INFO:colcon.colcon_core.shell:Creating package script '/root/ros2_ws/vs/install/my_robot_description/share/my_robot_description/package.ps1'
[0.870s] INFO:colcon.colcon_core.shell:Creating package descriptor '/root/ros2_ws/vs/install/my_robot_description/share/my_robot_description/package.dsv'
[0.871s] INFO:colcon.colcon_core.shell:Creating package script '/root/ros2_ws/vs/install/my_robot_description/share/my_robot_description/package.sh'
[0.872s] INFO:colcon.colcon_core.shell:Creating package script '/root/ros2_ws/vs/install/my_robot_description/share/my_robot_description/package.bash'
[0.872s] INFO:colcon.colcon_core.shell:Creating package script '/root/ros2_ws/vs/install/my_robot_description/share/my_robot_description/package.zsh'
[0.872s] Level 1:colcon.colcon_core.environment:create_file_with_runtime_dependencies(/root/ros2_ws/vs/install/my_robot_description/share/colcon-core/packages/my_robot_description)
[1.337s] DEBUG:colcon.colcon_core.event_handler.log_command:Invoked command in '/root/ros2_ws/vs/build/my_robot_teleop' returned '0': CMAKE_PREFIX_PATH=/opt/ros/humble /usr/bin/cmake /root/ros2_ws/vs/src/my_robot_teleop -DCMAKE_INSTALL_PREFIX=/root/ros2_ws/vs/install/my_robot_teleop
[1.338s] DEBUG:colcon.colcon_core.event_handler.log_command:Invoking command in '/root/ros2_ws/vs/build/my_robot_teleop': CMAKE_PREFIX_PATH=/opt/ros/humble /usr/bin/cmake --build /root/ros2_ws/vs/build/my_robot_teleop -- -j8 -l8
[1.440s] DEBUG:colcon.colcon_core.event_handler.log_command:Invoked command in '/root/ros2_ws/vs/build/my_robot_vision' returned '0': CMAKE_PREFIX_PATH=/opt/ros/humble /usr/bin/cmake /root/ros2_ws/vs/src/my_robot_vision -DCMAKE_INSTALL_PREFIX=/root/ros2_ws/vs/install/my_robot_vision
[1.441s] DEBUG:colcon.colcon_core.event_handler.log_command:Invoking command in '/root/ros2_ws/vs/build/my_robot_vision': CMAKE_PREFIX_PATH=/opt/ros/humble /usr/bin/cmake --build /root/ros2_ws/vs/build/my_robot_vision -- -j8 -l8
[3.561s] DEBUG:colcon.colcon_core.event_handler.log_command:Invoked command in '/root/ros2_ws/vs/build/my_robot_controller' returned '0': CMAKE_PREFIX_PATH=/opt/ros/humble /usr/bin/cmake /root/ros2_ws/vs/src/my_robot_controller -DCMAKE_INSTALL_PREFIX=/root/ros2_ws/vs/install/my_robot_controller
[3.562s] DEBUG:colcon.colcon_core.event_handler.log_command:Invoking command in '/root/ros2_ws/vs/build/my_robot_controller': CMAKE_PREFIX_PATH=/opt/ros/humble /usr/bin/cmake --build /root/ros2_ws/vs/build/my_robot_controller -- -j8 -l8
[7.797s] DEBUG:colcon.colcon_core.event_handler.log_command:Invoked command in '/root/ros2_ws/vs/build/my_robot_teleop' returned '0': CMAKE_PREFIX_PATH=/opt/ros/humble /usr/bin/cmake --build /root/ros2_ws/vs/build/my_robot_teleop -- -j8 -l8
[7.827s] DEBUG:colcon.colcon_core.event_handler.log_command:Invoking command in '/root/ros2_ws/vs/build/my_robot_teleop': CMAKE_PREFIX_PATH=/opt/ros/humble /usr/bin/cmake --install /root/ros2_ws/vs/build/my_robot_teleop
[7.859s] Level 1:colcon.colcon_core.environment:create_environment_scripts_only(my_robot_teleop)
[7.860s] Level 1:colcon.colcon_core.environment:checking '/root/ros2_ws/vs/install/my_robot_teleop' for CMake module files
[7.860s] Level 1:colcon.colcon_core.environment:checking '/root/ros2_ws/vs/install/my_robot_teleop' for CMake config files
[7.861s] Level 1:colcon.colcon_core.shell:create_environment_hook('my_robot_teleop', 'cmake_prefix_path')
[7.861s] INFO:colcon.colcon_core.shell:Creating environment hook '/root/ros2_ws/vs/install/my_robot_teleop/share/my_robot_teleop/hook/cmake_prefix_path.ps1'
[7.862s] INFO:colcon.colcon_core.shell:Creating environment descriptor '/root/ros2_ws/vs/install/my_robot_teleop/share/my_robot_teleop/hook/cmake_prefix_path.dsv'
[7.863s] INFO:colcon.colcon_core.shell:Creating environment hook '/root/ros2_ws/vs/install/my_robot_teleop/share/my_robot_teleop/hook/cmake_prefix_path.sh'
[7.863s] Level 1:colcon.colcon_core.environment:checking '/root/ros2_ws/vs/install/my_robot_teleop/lib'
[7.864s] Level 1:colcon.colcon_core.environment:checking '/root/ros2_ws/vs/install/my_robot_teleop/bin'
[7.864s] Level 1:colcon.colcon_core.environment:checking '/root/ros2_ws/vs/install/my_robot_teleop/lib/pkgconfig/my_robot_teleop.pc'
[7.864s] Level 1:colcon.colcon_core.environment:checking '/root/ros2_ws/vs/install/my_robot_teleop/lib/python3.10/site-packages'
[7.865s] Level 1:colcon.colcon_core.environment:checking '/root/ros2_ws/vs/install/my_robot_teleop/bin'
[7.865s] INFO:colcon.colcon_core.shell:Creating package script '/root/ros2_ws/vs/install/my_robot_teleop/share/my_robot_teleop/package.ps1'
[7.866s] INFO:colcon.colcon_core.shell:Creating package descriptor '/root/ros2_ws/vs/install/my_robot_teleop/share/my_robot_teleop/package.dsv'
[7.866s] INFO:colcon.colcon_core.shell:Creating package script '/root/ros2_ws/vs/install/my_robot_teleop/share/my_robot_teleop/package.sh'
[7.867s] INFO:colcon.colcon_core.shell:Creating package script '/root/ros2_ws/vs/install/my_robot_teleop/share/my_robot_teleop/package.bash'
[7.867s] INFO:colcon.colcon_core.shell:Creating package script '/root/ros2_ws/vs/install/my_robot_teleop/share/my_robot_teleop/package.zsh'
[7.868s] Level 1:colcon.colcon_core.environment:create_file_with_runtime_dependencies(/root/ros2_ws/vs/install/my_robot_teleop/share/colcon-core/packages/my_robot_teleop)
[7.869s] Level 1:colcon.colcon_core.environment:create_environment_scripts_only(my_robot_teleop)
[7.869s] Level 1:colcon.colcon_core.environment:checking '/root/ros2_ws/vs/install/my_robot_teleop' for CMake module files
[7.870s] Level 1:colcon.colcon_core.environment:checking '/root/ros2_ws/vs/install/my_robot_teleop' for CMake config files
[7.870s] Level 1:colcon.colcon_core.shell:create_environment_hook('my_robot_teleop', 'cmake_prefix_path')
[7.870s] INFO:colcon.colcon_core.shell:Creating environment hook '/root/ros2_ws/vs/install/my_robot_teleop/share/my_robot_teleop/hook/cmake_prefix_path.ps1'
[7.871s] DEBUG:colcon.colcon_core.event_handler.log_command:Invoked command in '/root/ros2_ws/vs/build/my_robot_teleop' returned '0': CMAKE_PREFIX_PATH=/opt/ros/humble /usr/bin/cmake --install /root/ros2_ws/vs/build/my_robot_teleop
[7.872s] INFO:colcon.colcon_core.shell:Creating environment descriptor '/root/ros2_ws/vs/install/my_robot_teleop/share/my_robot_teleop/hook/cmake_prefix_path.dsv'
[7.872s] INFO:colcon.colcon_core.shell:Creating environment hook '/root/ros2_ws/vs/install/my_robot_teleop/share/my_robot_teleop/hook/cmake_prefix_path.sh'
[7.873s] Level 1:colcon.colcon_core.environment:checking '/root/ros2_ws/vs/install/my_robot_teleop/lib'
[7.873s] Level 1:colcon.colcon_core.environment:checking '/root/ros2_ws/vs/install/my_robot_teleop/bin'
[7.873s] Level 1:colcon.colcon_core.environment:checking '/root/ros2_ws/vs/install/my_robot_teleop/lib/pkgconfig/my_robot_teleop.pc'
[7.873s] Level 1:colcon.colcon_core.environment:checking '/root/ros2_ws/vs/install/my_robot_teleop/lib/python3.10/site-packages'
[7.879s] Level 1:colcon.colcon_core.environment:checking '/root/ros2_ws/vs/install/my_robot_teleop/bin'
[7.880s] INFO:colcon.colcon_core.shell:Creating package script '/root/ros2_ws/vs/install/my_robot_teleop/share/my_robot_teleop/package.ps1'
[7.881s] INFO:colcon.colcon_core.shell:Creating package descriptor '/root/ros2_ws/vs/install/my_robot_teleop/share/my_robot_teleop/package.dsv'
[7.882s] INFO:colcon.colcon_core.shell:Creating package script '/root/ros2_ws/vs/install/my_robot_teleop/share/my_robot_teleop/package.sh'
[7.882s] INFO:colcon.colcon_core.shell:Creating package script '/root/ros2_ws/vs/install/my_robot_teleop/share/my_robot_teleop/package.bash'
[7.883s] INFO:colcon.colcon_core.shell:Creating package script '/root/ros2_ws/vs/install/my_robot_teleop/share/my_robot_teleop/package.zsh'
[7.883s] Level 1:colcon.colcon_core.environment:create_file_with_runtime_dependencies(/root/ros2_ws/vs/install/my_robot_teleop/share/colcon-core/packages/my_robot_teleop)
[17.167s] DEBUG:colcon.colcon_core.event_handler.log_command:Invoked command in '/root/ros2_ws/vs/build/my_robot_vision' returned '0': CMAKE_PREFIX_PATH=/opt/ros/humble /usr/bin/cmake --build /root/ros2_ws/vs/build/my_robot_vision -- -j8 -l8
[17.169s] DEBUG:colcon.colcon_core.event_handler.log_command:Invoking command in '/root/ros2_ws/vs/build/my_robot_vision': CMAKE_PREFIX_PATH=/opt/ros/humble /usr/bin/cmake --install /root/ros2_ws/vs/build/my_robot_vision
[17.197s] Level 1:colcon.colcon_core.environment:create_environment_scripts_only(my_robot_vision)
[17.198s] Level 1:colcon.colcon_core.environment:checking '/root/ros2_ws/vs/install/my_robot_vision' for CMake module files
[17.199s] Level 1:colcon.colcon_core.environment:checking '/root/ros2_ws/vs/install/my_robot_vision' for CMake config files
[17.199s] Level 1:colcon.colcon_core.shell:create_environment_hook('my_robot_vision', 'cmake_prefix_path')
[17.199s] INFO:colcon.colcon_core.shell:Creating environment hook '/root/ros2_ws/vs/install/my_robot_vision/share/my_robot_vision/hook/cmake_prefix_path.ps1'
[17.200s] INFO:colcon.colcon_core.shell:Creating environment descriptor '/root/ros2_ws/vs/install/my_robot_vision/share/my_robot_vision/hook/cmake_prefix_path.dsv'
[17.200s] INFO:colcon.colcon_core.shell:Creating environment hook '/root/ros2_ws/vs/install/my_robot_vision/share/my_robot_vision/hook/cmake_prefix_path.sh'
[17.201s] Level 1:colcon.colcon_core.environment:checking '/root/ros2_ws/vs/install/my_robot_vision/lib'
[17.201s] Level 1:colcon.colcon_core.environment:checking '/root/ros2_ws/vs/install/my_robot_vision/bin'
[17.201s] Level 1:colcon.colcon_core.environment:checking '/root/ros2_ws/vs/install/my_robot_vision/lib/pkgconfig/my_robot_vision.pc'
[17.202s] Level 1:colcon.colcon_core.environment:checking '/root/ros2_ws/vs/install/my_robot_vision/lib/python3.10/site-packages'
[17.202s] Level 1:colcon.colcon_core.environment:checking '/root/ros2_ws/vs/install/my_robot_vision/bin'
[17.203s] INFO:colcon.colcon_core.shell:Creating package script '/root/ros2_ws/vs/install/my_robot_vision/share/my_robot_vision/package.ps1'
[17.203s] INFO:colcon.colcon_core.shell:Creating package descriptor '/root/ros2_ws/vs/install/my_robot_vision/share/my_robot_vision/package.dsv'
[17.204s] INFO:colcon.colcon_core.shell:Creating package script '/root/ros2_ws/vs/install/my_robot_vision/share/my_robot_vision/package.sh'
[17.205s] INFO:colcon.colcon_core.shell:Creating package script '/root/ros2_ws/vs/install/my_robot_vision/share/my_robot_vision/package.bash'
[17.205s] INFO:colcon.colcon_core.shell:Creating package script '/root/ros2_ws/vs/install/my_robot_vision/share/my_robot_vision/package.zsh'
[17.205s] Level 1:colcon.colcon_core.environment:create_file_with_runtime_dependencies(/root/ros2_ws/vs/install/my_robot_vision/share/colcon-core/packages/my_robot_vision)
[17.215s] Level 1:colcon.colcon_core.environment:create_environment_scripts_only(my_robot_vision)
[17.215s] Level 1:colcon.colcon_core.environment:checking '/root/ros2_ws/vs/install/my_robot_vision' for CMake module files
[17.216s] DEBUG:colcon.colcon_core.event_handler.log_command:Invoked command in '/root/ros2_ws/vs/build/my_robot_vision' returned '0': CMAKE_PREFIX_PATH=/opt/ros/humble /usr/bin/cmake --install /root/ros2_ws/vs/build/my_robot_vision
[17.217s] Level 1:colcon.colcon_core.environment:checking '/root/ros2_ws/vs/install/my_robot_vision' for CMake config files
[17.217s] Level 1:colcon.colcon_core.shell:create_environment_hook('my_robot_vision', 'cmake_prefix_path')
[17.217s] INFO:colcon.colcon_core.shell:Creating environment hook '/root/ros2_ws/vs/install/my_robot_vision/share/my_robot_vision/hook/cmake_prefix_path.ps1'
[17.218s] INFO:colcon.colcon_core.shell:Creating environment descriptor '/root/ros2_ws/vs/install/my_robot_vision/share/my_robot_vision/hook/cmake_prefix_path.dsv'
[17.219s] INFO:colcon.colcon_core.shell:Creating environment hook '/root/ros2_ws/vs/install/my_robot_vision/share/my_robot_vision/hook/cmake_prefix_path.sh'
[17.220s] Level 1:colcon.colcon_core.environment:checking '/root/ros2_ws/vs/install/my_robot_vision/lib'
[17.220s] Level 1:colcon.colcon_core.environment:checking '/root/ros2_ws/vs/install/my_robot_vision/bin'
[17.220s] Level 1:colcon.colcon_core.environment:checking '/root/ros2_ws/vs/install/my_robot_vision/lib/pkgconfig/my_robot_vision.pc'
[17.220s] Level 1:colcon.colcon_core.environment:checking '/root/ros2_ws/vs/install/my_robot_vision/lib/python3.10/site-packages'
[17.221s] Level 1:colcon.colcon_core.environment:checking '/root/ros2_ws/vs/install/my_robot_vision/bin'
[17.221s] INFO:colcon.colcon_core.shell:Creating package script '/root/ros2_ws/vs/install/my_robot_vision/share/my_robot_vision/package.ps1'
[17.222s] INFO:colcon.colcon_core.shell:Creating package descriptor '/root/ros2_ws/vs/install/my_robot_vision/share/my_robot_vision/package.dsv'
[17.223s] INFO:colcon.colcon_core.shell:Creating package script '/root/ros2_ws/vs/install/my_robot_vision/share/my_robot_vision/package.sh'
[17.223s] INFO:colcon.colcon_core.shell:Creating package script '/root/ros2_ws/vs/install/my_robot_vision/share/my_robot_vision/package.bash'
[17.224s] INFO:colcon.colcon_core.shell:Creating package script '/root/ros2_ws/vs/install/my_robot_vision/share/my_robot_vision/package.zsh'
[17.224s] Level 1:colcon.colcon_core.environment:create_file_with_runtime_dependencies(/root/ros2_ws/vs/install/my_robot_vision/share/colcon-core/packages/my_robot_vision)
[32.923s] DEBUG:colcon.colcon_core.event_handler.log_command:Invoked command in '/root/ros2_ws/vs/build/my_robot_controller' returned '0': CMAKE_PREFIX_PATH=/opt/ros/humble /usr/bin/cmake --build /root/ros2_ws/vs/build/my_robot_controller -- -j8 -l8
[32.925s] DEBUG:colcon.colcon_core.event_handler.log_command:Invoking command in '/root/ros2_ws/vs/build/my_robot_controller': CMAKE_PREFIX_PATH=/opt/ros/humble /usr/bin/cmake --install /root/ros2_ws/vs/build/my_robot_controller
[32.985s] Level 1:colcon.colcon_core.environment:create_environment_scripts_only(my_robot_controller)
[32.985s] Level 1:colcon.colcon_core.environment:checking '/root/ros2_ws/vs/install/my_robot_controller' for CMake module files
[32.985s] DEBUG:colcon.colcon_core.event_handler.log_command:Invoked command in '/root/ros2_ws/vs/build/my_robot_controller' returned '0': CMAKE_PREFIX_PATH=/opt/ros/humble /usr/bin/cmake --install /root/ros2_ws/vs/build/my_robot_controller
[32.986s] Level 1:colcon.colcon_core.environment:checking '/root/ros2_ws/vs/install/my_robot_controller' for CMake config files
[32.986s] Level 1:colcon.colcon_core.shell:create_environment_hook('my_robot_controller', 'cmake_prefix_path')
[32.986s] INFO:colcon.colcon_core.shell:Creating environment hook '/root/ros2_ws/vs/install/my_robot_controller/share/my_robot_controller/hook/cmake_prefix_path.ps1'
[32.987s] INFO:colcon.colcon_core.shell:Creating environment descriptor '/root/ros2_ws/vs/install/my_robot_controller/share/my_robot_controller/hook/cmake_prefix_path.dsv'
[32.987s] INFO:colcon.colcon_core.shell:Creating environment hook '/root/ros2_ws/vs/install/my_robot_controller/share/my_robot_controller/hook/cmake_prefix_path.sh'
[32.987s] Level 1:colcon.colcon_core.environment:checking '/root/ros2_ws/vs/install/my_robot_controller/lib'
[32.988s] Level 1:colcon.colcon_core.environment:checking '/root/ros2_ws/vs/install/my_robot_controller/bin'
[32.988s] Level 1:colcon.colcon_core.environment:checking '/root/ros2_ws/vs/install/my_robot_controller/lib/pkgconfig/my_robot_controller.pc'
[32.988s] Level 1:colcon.colcon_core.environment:checking '/root/ros2_ws/vs/install/my_robot_controller/lib/python3.10/site-packages'
[32.988s] Level 1:colcon.colcon_core.environment:checking '/root/ros2_ws/vs/install/my_robot_controller/bin'
[32.988s] INFO:colcon.colcon_core.shell:Creating package script '/root/ros2_ws/vs/install/my_robot_controller/share/my_robot_controller/package.ps1'
[32.989s] INFO:colcon.colcon_core.shell:Creating package descriptor '/root/ros2_ws/vs/install/my_robot_controller/share/my_robot_controller/package.dsv'
[32.989s] INFO:colcon.colcon_core.shell:Creating package script '/root/ros2_ws/vs/install/my_robot_controller/share/my_robot_controller/package.sh'
[32.990s] INFO:colcon.colcon_core.shell:Creating package script '/root/ros2_ws/vs/install/my_robot_controller/share/my_robot_controller/package.bash'
[32.990s] INFO:colcon.colcon_core.shell:Creating package script '/root/ros2_ws/vs/install/my_robot_controller/share/my_robot_controller/package.zsh'
[32.990s] Level 1:colcon.colcon_core.environment:create_file_with_runtime_dependencies(/root/ros2_ws/vs/install/my_robot_controller/share/colcon-core/packages/my_robot_controller)
[32.991s] Level 1:colcon.colcon_core.environment:create_environment_scripts_only(my_robot_controller)
[32.991s] Level 1:colcon.colcon_core.environment:checking '/root/ros2_ws/vs/install/my_robot_controller' for CMake module files
[32.991s] Level 1:colcon.colcon_core.environment:checking '/root/ros2_ws/vs/install/my_robot_controller' for CMake config files
[32.991s] Level 1:colcon.colcon_core.shell:create_environment_hook('my_robot_controller', 'cmake_prefix_path')
[32.992s] INFO:colcon.colcon_core.shell:Creating environment hook '/root/ros2_ws/vs/install/my_robot_controller/share/my_robot_controller/hook/cmake_prefix_path.ps1'
[32.992s] INFO:colcon.colcon_core.shell:Creating environment descriptor '/root/ros2_ws/vs/install/my_robot_controller/share/my_robot_controller/hook/cmake_prefix_path.dsv'
[32.992s] INFO:colcon.colcon_core.shell:Creating environment hook '/root/ros2_ws/vs/install/my_robot_controller/share/my_robot_controller/hook/cmake_prefix_path.sh'
[32.993s] Level 1:colcon.colcon_core.environment:checking '/root/ros2_ws/vs/install/my_robot_controller/lib'
[32.993s] Level 1:colcon.colcon_core.environment:checking '/root/ros2_ws/vs/install/my_robot_controller/bin'
[32.993s] Level 1:colcon.colcon_core.environment:checking '/root/ros2_ws/vs/install/my_robot_controller/lib/pkgconfig/my_robot_controller.pc'
[32.994s] Level 1:colcon.colcon_core.environment:checking '/root/ros2_ws/vs/install/my_robot_controller/lib/python3.10/site-packages'
[32.994s] Level 1:colcon.colcon_core.environment:checking '/root/ros2_ws/vs/install/my_robot_controller/bin'
[32.995s] INFO:colcon.colcon_core.shell:Creating package script '/root/ros2_ws/vs/install/my_robot_controller/share/my_robot_controller/package.ps1'
[32.995s] INFO:colcon.colcon_core.shell:Creating package descriptor '/root/ros2_ws/vs/install/my_robot_controller/share/my_robot_controller/package.dsv'
[32.996s] INFO:colcon.colcon_core.shell:Creating package script '/root/ros2_ws/vs/install/my_robot_controller/share/my_robot_controller/package.sh'
[32.997s] INFO:colcon.colcon_core.shell:Creating package script '/root/ros2_ws/vs/install/my_robot_controller/share/my_robot_controller/package.bash'
[32.997s] INFO:colcon.colcon_core.shell:Creating package script '/root/ros2_ws/vs/install/my_robot_controller/share/my_robot_controller/package.zsh'
[32.998s] Level 1:colcon.colcon_core.environment:create_file_with_runtime_dependencies(/root/ros2_ws/vs/install/my_robot_controller/share/colcon-core/packages/my_robot_controller)
[32.998s] DEBUG:colcon.colcon_parallel_executor.executor.parallel:closing loop
[32.998s] DEBUG:colcon.colcon_parallel_executor.executor.parallel:loop closed
[32.999s] DEBUG:colcon.colcon_parallel_executor.executor.parallel:run_until_complete finished with '0'
[32.999s] DEBUG:colcon.colcon_core.event_reactor:joining thread
[33.008s] INFO:colcon.colcon_core.plugin_system:Skipping extension 'colcon_notification.desktop_notification.notify_send': Could not find 'notify-send'
[33.009s] INFO:colcon.colcon_core.plugin_system:Skipping extension 'colcon_notification.desktop_notification.terminal_notifier': Not used on non-Darwin systems
[33.009s] INFO:colcon.colcon_core.plugin_system:Skipping extension 'colcon_notification.desktop_notification.win32': Not used on non-Windows systems
[33.009s] INFO:colcon.colcon_notification.desktop_notification:Sending desktop notification using 'notify2'
[33.013s] DEBUG:colcon.colcon_notification.desktop_notification.notify2:Failed to initialize notify2: org.freedesktop.DBus.Error.Spawn.ExecFailed: /usr/bin/dbus-launch terminated abnormally without any error message
[33.013s] DEBUG:colcon.colcon_core.event_reactor:joined thread
[33.015s] INFO:colcon.colcon_core.shell:Creating prefix script '/root/ros2_ws/vs/install/local_setup.ps1'
[33.017s] INFO:colcon.colcon_core.shell:Creating prefix util module '/root/ros2_ws/vs/install/_local_setup_util_ps1.py'
[33.021s] INFO:colcon.colcon_core.shell:Creating prefix chain script '/root/ros2_ws/vs/install/setup.ps1'
[33.046s] INFO:colcon.colcon_core.shell:Creating prefix script '/root/ros2_ws/vs/install/local_setup.sh'
[33.048s] INFO:colcon.colcon_core.shell:Creating prefix util module '/root/ros2_ws/vs/install/_local_setup_util_sh.py'
[33.049s] INFO:colcon.colcon_core.shell:Creating prefix chain script '/root/ros2_ws/vs/install/setup.sh'
[33.050s] INFO:colcon.colcon_core.shell:Creating prefix script '/root/ros2_ws/vs/install/local_setup.bash'
[33.051s] INFO:colcon.colcon_core.shell:Creating prefix chain script '/root/ros2_ws/vs/install/setup.bash'
[33.053s] INFO:colcon.colcon_core.shell:Creating prefix script '/root/ros2_ws/vs/install/local_setup.zsh'
[33.054s] INFO:colcon.colcon_core.shell:Creating prefix chain script '/root/ros2_ws/vs/install/setup.zsh'
