[0.015s] Invoking command in '/root/ros2_ws/vs/build/my_robot_controller': CMAKE_PREFIX_PATH=/opt/ros/humble /usr/bin/cmake /root/ros2_ws/vs/src/my_robot_controller -DCMAKE_INSTALL_PREFIX=/root/ros2_ws/vs/install/my_robot_controller
[0.069s] -- The C compiler identification is GNU 11.4.0
[0.129s] -- The CXX compiler identification is GNU 11.4.0
[0.135s] -- Detecting C compiler ABI info
[0.190s] -- Detecting C compiler ABI info - done
[0.197s] -- Check for working C compiler: /usr/bin/cc - skipped
[0.197s] -- Detecting C compile features
[0.198s] -- Detecting C compile features - done
[0.200s] -- Detecting CXX compiler ABI info
[0.271s] -- Detecting CXX compiler ABI info - done
[0.277s] -- Check for working CXX compiler: /usr/bin/c++ - skipped
[0.277s] -- Detecting CXX compile features
[0.278s] -- Detecting CXX compile features - done
[0.281s] -- Found ament_cmake: 1.3.12 (/opt/ros/humble/share/ament_cmake/cmake)
[0.396s] -- Found Python3: /usr/bin/python3 (found version "3.10.12") found components: Interpreter 
[0.487s] -- Found rclcpp: 16.0.15 (/opt/ros/humble/share/rclcpp/cmake)
[0.528s] -- Found rosidl_generator_c: 3.1.7 (/opt/ros/humble/share/rosidl_generator_c/cmake)
[0.533s] -- Found rosidl_adapter: 3.1.7 (/opt/ros/humble/share/rosidl_adapter/cmake)
[0.542s] -- Found rosidl_generator_cpp: 3.1.7 (/opt/ros/humble/share/rosidl_generator_cpp/cmake)
[0.555s] -- Using all available rosidl_typesupport_c: rosidl_typesupport_fastrtps_c;rosidl_typesupport_introspection_c
[0.574s] -- Using all available rosidl_typesupport_cpp: rosidl_typesupport_fastrtps_cpp;rosidl_typesupport_introspection_cpp
[0.619s] -- Found rmw_implementation_cmake: 6.1.2 (/opt/ros/humble/share/rmw_implementation_cmake/cmake)
[0.622s] -- Found rmw_fastrtps_cpp: 6.2.9 (/opt/ros/humble/share/rmw_fastrtps_cpp/cmake)
[0.702s] -- Found OpenSSL: /usr/lib/x86_64-linux-gnu/libcrypto.so (found version "3.0.2")  
[0.741s] -- Found FastRTPS: /opt/ros/humble/include  
[0.794s] -- Using RMW implementation 'rmw_fastrtps_cpp' as default
[0.806s] -- Looking for pthread.h
[0.879s] -- Looking for pthread.h - found
[0.879s] -- Performing Test CMAKE_HAVE_LIBC_PTHREAD
[0.947s] -- Performing Test CMAKE_HAVE_LIBC_PTHREAD - Success
[0.949s] -- Found Threads: TRUE  
[0.998s] -- Found rclcpp_action: 16.0.15 (/opt/ros/humble/share/rclcpp_action/cmake)
[1.033s] -- Found geometry_msgs: 4.9.0 (/opt/ros/humble/share/geometry_msgs/cmake)
[1.047s] -- Found sensor_msgs: 4.9.0 (/opt/ros/humble/share/sensor_msgs/cmake)
[1.065s] -- Found nav_msgs: 4.9.0 (/opt/ros/humble/share/nav_msgs/cmake)
[1.083s] -- Found tf2: 0.25.16 (/opt/ros/humble/share/tf2/cmake)
[1.094s] -- Found tf2_ros: 0.25.16 (/opt/ros/humble/share/tf2_ros/cmake)
[1.150s] -- Found tf2_geometry_msgs: 0.25.16 (/opt/ros/humble/share/tf2_geometry_msgs/cmake)
[1.165s] -- Found eigen3_cmake_module: 0.1.1 (/opt/ros/humble/share/eigen3_cmake_module/cmake)
[1.166s] -- Found Eigen3: TRUE (found version "3.4.0") 
[1.166s] -- Ensuring Eigen3 include directory is part of orocos-kdl CMake target
[1.169s] -- Found tf2_sensor_msgs: 0.25.18 (/opt/ros/humble/share/tf2_sensor_msgs/cmake)
[1.175s] -- Found pcl_conversions: 2.4.5 (/opt/ros/humble/share/pcl_conversions/cmake)
[1.208s] -- Checking for module 'eigen3'
[1.217s] --   Found eigen3, version 3.4.0
[1.241s] -- Found Eigen: /usr/include/eigen3 (Required is at least version "3.1") 
[1.241s] -- Eigen found (include: /usr/include/eigen3, version: 3.4.0)
[1.279s] -- Checking for module 'flann'
[1.289s] --   Found flann, version 1.9.1
[1.316s] -- Found FLANN: /usr/lib/x86_64-linux-gnu/libflann_cpp.so  
[1.316s] -- FLANN found (include: /usr/include, lib: /usr/lib/x86_64-linux-gnu/libflann_cpp.so)
[2.127s] -- Checking for module 'libusb-1.0'
[2.141s] --   Found libusb-1.0, version 1.0.25
[2.173s] -- Found libusb: /usr/lib/x86_64-linux-gnu/libusb-1.0.so  
[2.174s] -- OpenNI found (version: 1.5.4.0, include: /usr/include/ni, lib: /usr/lib/libOpenNI.so;libusb::libusb)
[2.227s] -- OpenNI2 found (version: 2.2.0.33, include: /usr/include/openni2, lib: /usr/lib/x86_64-linux-gnu/libOpenNI2.so;libusb::libusb)
[2.398s] -- Eigen found (include: /usr/include/eigen3, version: 3.4.0)
[2.404s] -- OpenNI found (version: 1.5.4.0, include: /usr/include/ni, lib: /usr/lib/libOpenNI.so;libusb::libusb)
[2.411s] -- OpenNI2 found (version: 2.2.0.33, include: /usr/include/openni2, lib: /usr/lib/x86_64-linux-gnu/libOpenNI2.so;libusb::libusb)
[2.549s] -- Found Qhull version 8.0.2
[2.697s] -- OpenNI found (version: 1.5.4.0, include: /usr/include/ni, lib: /usr/lib/libOpenNI.so;libusb::libusb)
[2.838s] -- Found PCL_COMMON: /usr/lib/x86_64-linux-gnu/libpcl_common.so  
[2.839s] -- Found PCL_KDTREE: /usr/lib/x86_64-linux-gnu/libpcl_kdtree.so  
[2.840s] -- Found PCL_OCTREE: /usr/lib/x86_64-linux-gnu/libpcl_octree.so  
[2.840s] -- Found PCL_SEARCH: /usr/lib/x86_64-linux-gnu/libpcl_search.so  
[2.841s] -- Found PCL_SAMPLE_CONSENSUS: /usr/lib/x86_64-linux-gnu/libpcl_sample_consensus.so  
[2.842s] -- Found PCL_FILTERS: /usr/lib/x86_64-linux-gnu/libpcl_filters.so  
[2.842s] -- Found PCL_2D: /usr/include/pcl-1.12  
[2.843s] -- Found PCL_GEOMETRY: /usr/include/pcl-1.12  
[2.843s] -- Found PCL_IO: /usr/lib/x86_64-linux-gnu/libpcl_io.so  
[2.844s] -- Found PCL_FEATURES: /usr/lib/x86_64-linux-gnu/libpcl_features.so  
[2.845s] -- Found PCL_ML: /usr/lib/x86_64-linux-gnu/libpcl_ml.so  
[2.846s] -- Found PCL_SEGMENTATION: /usr/lib/x86_64-linux-gnu/libpcl_segmentation.so  
[2.847s] -- Found PCL_VISUALIZATION: /usr/lib/x86_64-linux-gnu/libpcl_visualization.so  
[2.847s] -- Found PCL_SURFACE: /usr/lib/x86_64-linux-gnu/libpcl_surface.so  
[2.848s] -- Found PCL_REGISTRATION: /usr/lib/x86_64-linux-gnu/libpcl_registration.so  
[2.849s] -- Found PCL_KEYPOINTS: /usr/lib/x86_64-linux-gnu/libpcl_keypoints.so  
[2.850s] -- Found PCL_TRACKING: /usr/lib/x86_64-linux-gnu/libpcl_tracking.so  
[2.851s] -- Found PCL_RECOGNITION: /usr/lib/x86_64-linux-gnu/libpcl_recognition.so  
[2.851s] -- Found PCL_STEREO: /usr/lib/x86_64-linux-gnu/libpcl_stereo.so  
[2.852s] -- Found PCL_APPS: /usr/lib/x86_64-linux-gnu/libpcl_apps.so  
[2.854s] -- Found PCL_IN_HAND_SCANNER: /usr/include/pcl-1.12  
[2.854s] -- Found PCL_MODELER: /usr/include/pcl-1.12  
[2.854s] -- Found PCL_POINT_CLOUD_EDITOR: /usr/include/pcl-1.12  
[2.855s] -- Found PCL_OUTOFCORE: /usr/lib/x86_64-linux-gnu/libpcl_outofcore.so  
[2.856s] -- Found PCL_PEOPLE: /usr/lib/x86_64-linux-gnu/libpcl_people.so  
[2.859s] -- Found pcl_ros: 2.4.5 (/opt/ros/humble/share/pcl_ros/cmake)
[2.872s] -- Found nav2_msgs: 1.1.20 (/opt/ros/humble/share/nav2_msgs/cmake)
[2.896s] -- Found std_srvs: 4.9.0 (/opt/ros/humble/share/std_srvs/cmake)
[2.905s] [33mCMake Warning (dev) at CMakeLists.txt:25 (find_package):
[2.905s]   Policy CMP0074 is not set: find_package uses <PackageName>_ROOT variables.
[2.905s]   Run "cmake --help-policy CMP0074" for policy details.  Use the cmake_policy
[2.905s]   command to set the policy and suppress this warning.
[2.905s] 
[2.905s]   CMake variable PCL_ROOT is set to:
[2.905s] 
[2.905s]     /usr
[2.905s] 
[2.906s]   For compatibility, CMake is ignoring the variable.
[2.906s] This warning is for project developers.  Use -Wno-dev to suppress it.
[2.906s] [0m
[3.022s] -- Configuring done
[3.224s] -- Generating done
[3.281s] -- Build files have been written to: /root/ros2_ws/vs/build/my_robot_controller
[3.306s] Invoked command in '/root/ros2_ws/vs/build/my_robot_controller' returned '0': CMAKE_PREFIX_PATH=/opt/ros/humble /usr/bin/cmake /root/ros2_ws/vs/src/my_robot_controller -DCMAKE_INSTALL_PREFIX=/root/ros2_ws/vs/install/my_robot_controller
[3.308s] Invoking command in '/root/ros2_ws/vs/build/my_robot_controller': CMAKE_PREFIX_PATH=/opt/ros/humble /usr/bin/cmake --build /root/ros2_ws/vs/build/my_robot_controller -- -j8 -l8
[3.358s] [  5%] [32mBuilding CXX object CMakeFiles/a_star_planner.dir/src/a_star_planner.cpp.o[0m
[3.362s] [ 11%] [32mBuilding CXX object CMakeFiles/dynamic_3d_map_manager.dir/src/dynamic_3d_map_manager.cpp.o[0m
[3.362s] [ 16%] [32mBuilding CXX object CMakeFiles/map_accumulator_3d.dir/src/map_accumulator_3d.cpp.o[0m
[3.369s] [ 22%] [32mBuilding CXX object CMakeFiles/costmap_2d_from_3d.dir/src/costmap_2d_from_3d.cpp.o[0m
[3.372s] [ 27%] [32mBuilding CXX object CMakeFiles/obstacle_detector_3d.dir/src/obstacle_detector_3d.cpp.o[0m
[3.373s] [ 38%] [32mBuilding CXX object CMakeFiles/map_loader_node.dir/src/map_loader_node.cpp.o[0m
[3.373s] [ 38%] [32mBuilding CXX object CMakeFiles/lidar_listener.dir/src/lidar_listener.cpp.o[0m
[3.379s] [ 44%] [32mBuilding CXX object CMakeFiles/local_planner.dir/src/local_planner.cpp.o[0m
[18.569s] [ 50%] [32m[1mLinking CXX executable map_loader_node[0m
[18.706s] [ 55%] [32m[1mLinking CXX executable lidar_listener[0m
[19.440s] [ 55%] Built target lidar_listener
[19.442s] [ 61%] [32m[1mLinking CXX executable dynamic_3d_map_manager[0m
[19.465s] [ 66%] [32mBuilding CXX object CMakeFiles/safety_monitor.dir/src/safety_monitor.cpp.o[0m
[19.769s] [ 66%] Built target map_loader_node
[21.264s] [ 66%] Built target dynamic_3d_map_manager
[24.027s] [ 72%] [32m[1mLinking CXX executable a_star_planner[0m
[24.096s] [ 77%] [32m[1mLinking CXX executable obstacle_detector_3d[0m
[24.930s] [ 77%] Built target a_star_planner
[25.218s] [ 77%] Built target obstacle_detector_3d
[25.354s] [ 83%] [32m[1mLinking CXX executable costmap_2d_from_3d[0m
[26.308s] [ 83%] Built target costmap_2d_from_3d
[28.082s] [ 88%] [32m[1mLinking CXX executable local_planner[0m
[29.043s] [ 94%] [32m[1mLinking CXX executable map_accumulator_3d[0m
[29.322s] [ 94%] Built target local_planner
[30.480s] [ 94%] Built target map_accumulator_3d
[32.130s] [100%] [32m[1mLinking CXX executable safety_monitor[0m
[32.660s] [100%] Built target safety_monitor
[32.669s] Invoked command in '/root/ros2_ws/vs/build/my_robot_controller' returned '0': CMAKE_PREFIX_PATH=/opt/ros/humble /usr/bin/cmake --build /root/ros2_ws/vs/build/my_robot_controller -- -j8 -l8
[32.670s] Invoking command in '/root/ros2_ws/vs/build/my_robot_controller': CMAKE_PREFIX_PATH=/opt/ros/humble /usr/bin/cmake --install /root/ros2_ws/vs/build/my_robot_controller
[32.676s] -- Install configuration: ""
[32.677s] -- Installing: /root/ros2_ws/vs/install/my_robot_controller/lib/my_robot_controller/map_accumulator_3d
[32.680s] -- Set runtime path of "/root/ros2_ws/vs/install/my_robot_controller/lib/my_robot_controller/map_accumulator_3d" to ""
[32.680s] -- Installing: /root/ros2_ws/vs/install/my_robot_controller/lib/my_robot_controller/dynamic_3d_map_manager
[32.682s] -- Set runtime path of "/root/ros2_ws/vs/install/my_robot_controller/lib/my_robot_controller/dynamic_3d_map_manager" to ""
[32.682s] -- Installing: /root/ros2_ws/vs/install/my_robot_controller/lib/my_robot_controller/map_loader_node
[32.682s] -- Set runtime path of "/root/ros2_ws/vs/install/my_robot_controller/lib/my_robot_controller/map_loader_node" to ""
[32.683s] -- Installing: /root/ros2_ws/vs/install/my_robot_controller/lib/my_robot_controller/costmap_2d_from_3d
[32.686s] -- Set runtime path of "/root/ros2_ws/vs/install/my_robot_controller/lib/my_robot_controller/costmap_2d_from_3d" to ""
[32.686s] -- Installing: /root/ros2_ws/vs/install/my_robot_controller/lib/my_robot_controller/a_star_planner
[32.691s] -- Set runtime path of "/root/ros2_ws/vs/install/my_robot_controller/lib/my_robot_controller/a_star_planner" to ""
[32.692s] -- Installing: /root/ros2_ws/vs/install/my_robot_controller/lib/my_robot_controller/obstacle_detector_3d
[32.697s] -- Set runtime path of "/root/ros2_ws/vs/install/my_robot_controller/lib/my_robot_controller/obstacle_detector_3d" to ""
[32.697s] -- Installing: /root/ros2_ws/vs/install/my_robot_controller/lib/my_robot_controller/lidar_listener
[32.701s] -- Set runtime path of "/root/ros2_ws/vs/install/my_robot_controller/lib/my_robot_controller/lidar_listener" to ""
[32.701s] -- Installing: /root/ros2_ws/vs/install/my_robot_controller/lib/my_robot_controller/local_planner
[32.709s] -- Set runtime path of "/root/ros2_ws/vs/install/my_robot_controller/lib/my_robot_controller/local_planner" to ""
[32.709s] -- Installing: /root/ros2_ws/vs/install/my_robot_controller/lib/my_robot_controller/safety_monitor
[32.716s] -- Set runtime path of "/root/ros2_ws/vs/install/my_robot_controller/lib/my_robot_controller/safety_monitor" to ""
[32.716s] -- Installing: /root/ros2_ws/vs/install/my_robot_controller/share/my_robot_controller/launch
[32.716s] -- Installing: /root/ros2_ws/vs/install/my_robot_controller/share/my_robot_controller/launch/mapping_3d.launch.py
[32.716s] -- Installing: /root/ros2_ws/vs/install/my_robot_controller/share/my_robot_controller/launch/sim.launch.py
[32.716s] -- Installing: /root/ros2_ws/vs/install/my_robot_controller/share/my_robot_controller/launch/indoor.launch.py
[32.716s] -- Installing: /root/ros2_ws/vs/install/my_robot_controller/share/my_robot_controller/launch/navigation_3d.launch.py
[32.717s] -- Installing: /root/ros2_ws/vs/install/my_robot_controller/share/my_robot_controller/config
[32.717s] -- Installing: /root/ros2_ws/vs/install/my_robot_controller/share/my_robot_controller/config/safety_params.yaml
[32.717s] -- Installing: /root/ros2_ws/vs/install/my_robot_controller/share/my_robot_controller/config/map_config.yaml
[32.717s] -- Installing: /root/ros2_ws/vs/install/my_robot_controller/share/my_robot_controller/maps
[32.717s] -- Installing: /root/ros2_ws/vs/install/my_robot_controller/share/my_robot_controller/maps/my_3d_map.pcd
[32.727s] -- Installing: /root/ros2_ws/vs/install/my_robot_controller/share/ament_index/resource_index/package_run_dependencies/my_robot_controller
[32.727s] -- Installing: /root/ros2_ws/vs/install/my_robot_controller/share/ament_index/resource_index/parent_prefix_path/my_robot_controller
[32.728s] -- Installing: /root/ros2_ws/vs/install/my_robot_controller/share/my_robot_controller/environment/ament_prefix_path.sh
[32.728s] -- Installing: /root/ros2_ws/vs/install/my_robot_controller/share/my_robot_controller/environment/ament_prefix_path.dsv
[32.728s] -- Installing: /root/ros2_ws/vs/install/my_robot_controller/share/my_robot_controller/environment/path.sh
[32.728s] -- Installing: /root/ros2_ws/vs/install/my_robot_controller/share/my_robot_controller/environment/path.dsv
[32.728s] -- Installing: /root/ros2_ws/vs/install/my_robot_controller/share/my_robot_controller/local_setup.bash
[32.728s] -- Installing: /root/ros2_ws/vs/install/my_robot_controller/share/my_robot_controller/local_setup.sh
[32.728s] -- Installing: /root/ros2_ws/vs/install/my_robot_controller/share/my_robot_controller/local_setup.zsh
[32.728s] -- Installing: /root/ros2_ws/vs/install/my_robot_controller/share/my_robot_controller/local_setup.dsv
[32.728s] -- Installing: /root/ros2_ws/vs/install/my_robot_controller/share/my_robot_controller/package.dsv
[32.728s] -- Installing: /root/ros2_ws/vs/install/my_robot_controller/share/ament_index/resource_index/packages/my_robot_controller
[32.728s] -- Installing: /root/ros2_ws/vs/install/my_robot_controller/share/my_robot_controller/cmake/my_robot_controllerConfig.cmake
[32.729s] -- Installing: /root/ros2_ws/vs/install/my_robot_controller/share/my_robot_controller/cmake/my_robot_controllerConfig-version.cmake
[32.729s] -- Installing: /root/ros2_ws/vs/install/my_robot_controller/share/my_robot_controller/package.xml
[32.731s] Invoked command in '/root/ros2_ws/vs/build/my_robot_controller' returned '0': CMAKE_PREFIX_PATH=/opt/ros/humble /usr/bin/cmake --install /root/ros2_ws/vs/build/my_robot_controller
