[0.102s] DEBUG:colcon:Command line arguments: ['/usr/bin/colcon', 'build', '--packages-select', 'my_robot_controller']
[0.102s] DEBUG:colcon:Parsed command line arguments: Namespace(log_base=None, log_level=None, verb_name='build', build_base='build', install_base='install', merge_install=False, symlink_install=False, test_result_base=None, continue_on_error=False, executor='parallel', parallel_workers=8, event_handlers=None, ignore_user_meta=False, metas=['./colcon.meta'], base_paths=['.'], packages_ignore=None, packages_ignore_regex=None, paths=None, packages_up_to=None, packages_up_to_regex=None, packages_above=None, packages_above_and_dependencies=None, packages_above_depth=None, packages_select_by_dep=None, packages_skip_by_dep=None, packages_skip_up_to=None, packages_select_build_failed=False, packages_skip_build_finished=False, packages_select_test_failures=False, packages_skip_test_passed=False, packages_select=['my_robot_controller'], packages_skip=None, packages_select_regex=None, packages_skip_regex=None, packages_start=None, packages_end=None, cmake_args=None, cmake_target=None, cmake_target_skip_unavailable=False, cmake_clean_cache=False, cmake_clean_first=False, cmake_force_configure=False, ament_cmake_args=None, catkin_cmake_args=None, catkin_skip_building_tests=False, mixin_files=None, mixin=None, verb_parser=<colcon_mixin.mixin.mixin_argument.MixinArgumentDecorator object at 0x7f13b8579de0>, verb_extension=<colcon_core.verb.build.BuildVerb object at 0x7f13b85797e0>, main=<bound method BuildVerb.main of <colcon_core.verb.build.BuildVerb object at 0x7f13b85797e0>>, mixin_verb=('build',))
[0.209s] Level 1:colcon.colcon_core.package_discovery:discover_packages(colcon_meta) check parameters
[0.210s] INFO:colcon.colcon_metadata.package_discovery.colcon_meta:Using configuration from '/root/.colcon/metadata/default/Gazebo.meta'
[0.211s] INFO:colcon.colcon_metadata.package_discovery.colcon_meta:Using configuration from '/root/.colcon/metadata/default/fastdds.meta'
[0.211s] INFO:colcon.colcon_metadata.package_discovery.colcon_meta:Using configuration from '/root/.colcon/metadata/default/fastrtps.meta'
[0.211s] Level 1:colcon.colcon_core.package_discovery:discover_packages(recursive) check parameters
[0.211s] Level 1:colcon.colcon_core.package_discovery:discover_packages(ignore) check parameters
[0.211s] Level 1:colcon.colcon_core.package_discovery:discover_packages(path) check parameters
[0.211s] Level 1:colcon.colcon_core.package_discovery:discover_packages(colcon_meta) discover
[0.211s] Level 1:colcon.colcon_core.package_discovery:discover_packages(recursive) discover
[0.211s] INFO:colcon.colcon_core.package_discovery:Crawling recursively for packages in '/root/ros2_ws/vs'
[0.211s] Level 1:colcon.colcon_core.package_identification:_identify(.) by extensions ['ignore', 'ignore_ament_install']
[0.211s] Level 1:colcon.colcon_core.package_identification:_identify(.) by extension 'ignore'
[0.211s] Level 1:colcon.colcon_core.package_identification:_identify(.) by extension 'ignore_ament_install'
[0.212s] Level 1:colcon.colcon_core.package_identification:_identify(.) by extensions ['colcon_pkg']
[0.212s] Level 1:colcon.colcon_core.package_identification:_identify(.) by extension 'colcon_pkg'
[0.212s] Level 1:colcon.colcon_core.package_identification:_identify(.) by extensions ['colcon_meta']
[0.212s] Level 1:colcon.colcon_core.package_identification:_identify(.) by extension 'colcon_meta'
[0.212s] Level 1:colcon.colcon_core.package_identification:_identify(.) by extensions ['ros']
[0.212s] Level 1:colcon.colcon_core.package_identification:_identify(.) by extension 'ros'
[0.222s] Level 1:colcon.colcon_core.package_identification:_identify(.) by extensions ['cmake', 'python']
[0.222s] Level 1:colcon.colcon_core.package_identification:_identify(.) by extension 'cmake'
[0.222s] Level 1:colcon.colcon_core.package_identification:_identify(.) by extension 'python'
[0.222s] Level 1:colcon.colcon_core.package_identification:_identify(.) by extensions ['python_setup_py']
[0.222s] Level 1:colcon.colcon_core.package_identification:_identify(.) by extension 'python_setup_py'
[0.222s] Level 1:colcon.colcon_core.package_identification:_identify(build) by extensions ['ignore', 'ignore_ament_install']
[0.222s] Level 1:colcon.colcon_core.package_identification:_identify(build) by extension 'ignore'
[0.222s] Level 1:colcon.colcon_core.package_identification:_identify(build) ignored
[0.222s] Level 1:colcon.colcon_core.package_identification:_identify(install) by extensions ['ignore', 'ignore_ament_install']
[0.222s] Level 1:colcon.colcon_core.package_identification:_identify(install) by extension 'ignore'
[0.222s] Level 1:colcon.colcon_core.package_identification:_identify(install) ignored
[0.223s] Level 1:colcon.colcon_core.package_identification:_identify(log) by extensions ['ignore', 'ignore_ament_install']
[0.223s] Level 1:colcon.colcon_core.package_identification:_identify(log) by extension 'ignore'
[0.223s] Level 1:colcon.colcon_core.package_identification:_identify(log) ignored
[0.223s] Level 1:colcon.colcon_core.package_identification:_identify(src) by extensions ['ignore', 'ignore_ament_install']
[0.223s] Level 1:colcon.colcon_core.package_identification:_identify(src) by extension 'ignore'
[0.223s] Level 1:colcon.colcon_core.package_identification:_identify(src) by extension 'ignore_ament_install'
[0.223s] Level 1:colcon.colcon_core.package_identification:_identify(src) by extensions ['colcon_pkg']
[0.223s] Level 1:colcon.colcon_core.package_identification:_identify(src) by extension 'colcon_pkg'
[0.223s] Level 1:colcon.colcon_core.package_identification:_identify(src) by extensions ['colcon_meta']
[0.223s] Level 1:colcon.colcon_core.package_identification:_identify(src) by extension 'colcon_meta'
[0.223s] Level 1:colcon.colcon_core.package_identification:_identify(src) by extensions ['ros']
[0.223s] Level 1:colcon.colcon_core.package_identification:_identify(src) by extension 'ros'
[0.223s] Level 1:colcon.colcon_core.package_identification:_identify(src) by extensions ['cmake', 'python']
[0.223s] Level 1:colcon.colcon_core.package_identification:_identify(src) by extension 'cmake'
[0.223s] Level 1:colcon.colcon_core.package_identification:_identify(src) by extension 'python'
[0.223s] Level 1:colcon.colcon_core.package_identification:_identify(src) by extensions ['python_setup_py']
[0.223s] Level 1:colcon.colcon_core.package_identification:_identify(src) by extension 'python_setup_py'
[0.223s] Level 1:colcon.colcon_core.package_identification:_identify(src/my_robot_controller) by extensions ['ignore', 'ignore_ament_install']
[0.223s] Level 1:colcon.colcon_core.package_identification:_identify(src/my_robot_controller) by extension 'ignore'
[0.223s] Level 1:colcon.colcon_core.package_identification:_identify(src/my_robot_controller) by extension 'ignore_ament_install'
[0.223s] Level 1:colcon.colcon_core.package_identification:_identify(src/my_robot_controller) by extensions ['colcon_pkg']
[0.223s] Level 1:colcon.colcon_core.package_identification:_identify(src/my_robot_controller) by extension 'colcon_pkg'
[0.223s] Level 1:colcon.colcon_core.package_identification:_identify(src/my_robot_controller) by extensions ['colcon_meta']
[0.223s] Level 1:colcon.colcon_core.package_identification:_identify(src/my_robot_controller) by extension 'colcon_meta'
[0.224s] Level 1:colcon.colcon_core.package_identification:_identify(src/my_robot_controller) by extensions ['ros']
[0.224s] Level 1:colcon.colcon_core.package_identification:_identify(src/my_robot_controller) by extension 'ros'
[0.227s] DEBUG:colcon.colcon_core.package_identification:Package 'src/my_robot_controller' with type 'ros.ament_cmake' and name 'my_robot_controller'
[0.227s] Level 1:colcon.colcon_core.package_identification:_identify(src/my_robot_description) by extensions ['ignore', 'ignore_ament_install']
[0.227s] Level 1:colcon.colcon_core.package_identification:_identify(src/my_robot_description) by extension 'ignore'
[0.227s] Level 1:colcon.colcon_core.package_identification:_identify(src/my_robot_description) by extension 'ignore_ament_install'
[0.227s] Level 1:colcon.colcon_core.package_identification:_identify(src/my_robot_description) by extensions ['colcon_pkg']
[0.227s] Level 1:colcon.colcon_core.package_identification:_identify(src/my_robot_description) by extension 'colcon_pkg'
[0.227s] Level 1:colcon.colcon_core.package_identification:_identify(src/my_robot_description) by extensions ['colcon_meta']
[0.227s] Level 1:colcon.colcon_core.package_identification:_identify(src/my_robot_description) by extension 'colcon_meta'
[0.227s] Level 1:colcon.colcon_core.package_identification:_identify(src/my_robot_description) by extensions ['ros']
[0.227s] Level 1:colcon.colcon_core.package_identification:_identify(src/my_robot_description) by extension 'ros'
[0.228s] DEBUG:colcon.colcon_core.package_identification:Package 'src/my_robot_description' with type 'ros.ament_cmake' and name 'my_robot_description'
[0.228s] Level 1:colcon.colcon_core.package_identification:_identify(src/my_robot_teleop) by extensions ['ignore', 'ignore_ament_install']
[0.228s] Level 1:colcon.colcon_core.package_identification:_identify(src/my_robot_teleop) by extension 'ignore'
[0.228s] Level 1:colcon.colcon_core.package_identification:_identify(src/my_robot_teleop) by extension 'ignore_ament_install'
[0.228s] Level 1:colcon.colcon_core.package_identification:_identify(src/my_robot_teleop) by extensions ['colcon_pkg']
[0.228s] Level 1:colcon.colcon_core.package_identification:_identify(src/my_robot_teleop) by extension 'colcon_pkg'
[0.228s] Level 1:colcon.colcon_core.package_identification:_identify(src/my_robot_teleop) by extensions ['colcon_meta']
[0.228s] Level 1:colcon.colcon_core.package_identification:_identify(src/my_robot_teleop) by extension 'colcon_meta'
[0.228s] Level 1:colcon.colcon_core.package_identification:_identify(src/my_robot_teleop) by extensions ['ros']
[0.228s] Level 1:colcon.colcon_core.package_identification:_identify(src/my_robot_teleop) by extension 'ros'
[0.228s] DEBUG:colcon.colcon_core.package_identification:Package 'src/my_robot_teleop' with type 'ros.ament_cmake' and name 'my_robot_teleop'
[0.229s] Level 1:colcon.colcon_core.package_identification:_identify(src/my_robot_vision) by extensions ['ignore', 'ignore_ament_install']
[0.229s] Level 1:colcon.colcon_core.package_identification:_identify(src/my_robot_vision) by extension 'ignore'
[0.229s] Level 1:colcon.colcon_core.package_identification:_identify(src/my_robot_vision) by extension 'ignore_ament_install'
[0.229s] Level 1:colcon.colcon_core.package_identification:_identify(src/my_robot_vision) by extensions ['colcon_pkg']
[0.229s] Level 1:colcon.colcon_core.package_identification:_identify(src/my_robot_vision) by extension 'colcon_pkg'
[0.229s] Level 1:colcon.colcon_core.package_identification:_identify(src/my_robot_vision) by extensions ['colcon_meta']
[0.229s] Level 1:colcon.colcon_core.package_identification:_identify(src/my_robot_vision) by extension 'colcon_meta'
[0.229s] Level 1:colcon.colcon_core.package_identification:_identify(src/my_robot_vision) by extensions ['ros']
[0.229s] Level 1:colcon.colcon_core.package_identification:_identify(src/my_robot_vision) by extension 'ros'
[0.230s] DEBUG:colcon.colcon_core.package_identification:Package 'src/my_robot_vision' with type 'ros.ament_cmake' and name 'my_robot_vision'
[0.230s] Level 1:colcon.colcon_core.package_discovery:discover_packages(recursive) using defaults
[0.230s] Level 1:colcon.colcon_core.package_discovery:discover_packages(ignore) discover
[0.230s] Level 1:colcon.colcon_core.package_discovery:discover_packages(ignore) using defaults
[0.230s] Level 1:colcon.colcon_core.package_discovery:discover_packages(path) discover
[0.230s] Level 1:colcon.colcon_core.package_discovery:discover_packages(path) using defaults
[0.250s] INFO:colcon.colcon_core.package_selection:Skipping not selected package 'my_robot_description' in 'src/my_robot_description'
[0.250s] INFO:colcon.colcon_core.package_selection:Skipping not selected package 'my_robot_teleop' in 'src/my_robot_teleop'
[0.250s] INFO:colcon.colcon_core.package_selection:Skipping not selected package 'my_robot_vision' in 'src/my_robot_vision'
[0.251s] Level 5:colcon.colcon_core.verb:set package 'my_robot_controller' build argument 'cmake_args' from command line to 'None'
[0.251s] Level 5:colcon.colcon_core.verb:set package 'my_robot_controller' build argument 'cmake_target' from command line to 'None'
[0.251s] Level 5:colcon.colcon_core.verb:set package 'my_robot_controller' build argument 'cmake_target_skip_unavailable' from command line to 'False'
[0.251s] Level 5:colcon.colcon_core.verb:set package 'my_robot_controller' build argument 'cmake_clean_cache' from command line to 'False'
[0.251s] Level 5:colcon.colcon_core.verb:set package 'my_robot_controller' build argument 'cmake_clean_first' from command line to 'False'
[0.251s] Level 5:colcon.colcon_core.verb:set package 'my_robot_controller' build argument 'cmake_force_configure' from command line to 'False'
[0.251s] Level 5:colcon.colcon_core.verb:set package 'my_robot_controller' build argument 'ament_cmake_args' from command line to 'None'
[0.251s] Level 5:colcon.colcon_core.verb:set package 'my_robot_controller' build argument 'catkin_cmake_args' from command line to 'None'
[0.251s] Level 5:colcon.colcon_core.verb:set package 'my_robot_controller' build argument 'catkin_skip_building_tests' from command line to 'False'
[0.251s] DEBUG:colcon.colcon_core.verb:Building package 'my_robot_controller' with the following arguments: {'ament_cmake_args': None, 'build_base': '/root/ros2_ws/vs/build/my_robot_controller', 'catkin_cmake_args': None, 'catkin_skip_building_tests': False, 'cmake_args': None, 'cmake_clean_cache': False, 'cmake_clean_first': False, 'cmake_force_configure': False, 'cmake_target': None, 'cmake_target_skip_unavailable': False, 'install_base': '/root/ros2_ws/vs/install/my_robot_controller', 'merge_install': False, 'path': '/root/ros2_ws/vs/src/my_robot_controller', 'symlink_install': False, 'test_result_base': None}
[0.251s] INFO:colcon.colcon_core.executor:Executing jobs using 'parallel' executor
[0.252s] DEBUG:colcon.colcon_parallel_executor.executor.parallel:run_until_complete
[0.252s] INFO:colcon.colcon_ros.task.ament_cmake.build:Building ROS package in '/root/ros2_ws/vs/src/my_robot_controller' with build type 'ament_cmake'
[0.252s] INFO:colcon.colcon_cmake.task.cmake.build:Building CMake package in '/root/ros2_ws/vs/src/my_robot_controller'
[0.254s] INFO:colcon.colcon_core.plugin_system:Skipping extension 'colcon_core.shell.bat': Not used on non-Windows systems
[0.254s] INFO:colcon.colcon_core.shell:Skip shell extension 'powershell' for command environment: Not usable outside of PowerShell
[0.254s] DEBUG:colcon.colcon_core.shell:Skip shell extension 'dsv' for command environment
[0.265s] DEBUG:colcon.colcon_core.event_handler.log_command:Invoking command in '/root/ros2_ws/vs/build/my_robot_controller': CMAKE_PREFIX_PATH=${CMAKE_PREFIX_PATH}:/opt/ros/humble /usr/bin/cmake --build /root/ros2_ws/vs/build/my_robot_controller -- -j8 -l8
[15.721s] DEBUG:colcon.colcon_core.event_handler.log_command:Invoked command in '/root/ros2_ws/vs/build/my_robot_controller' returned '0': CMAKE_PREFIX_PATH=${CMAKE_PREFIX_PATH}:/opt/ros/humble /usr/bin/cmake --build /root/ros2_ws/vs/build/my_robot_controller -- -j8 -l8
[15.729s] DEBUG:colcon.colcon_core.event_handler.log_command:Invoking command in '/root/ros2_ws/vs/build/my_robot_controller': CMAKE_PREFIX_PATH=${CMAKE_PREFIX_PATH}:/opt/ros/humble /usr/bin/cmake --install /root/ros2_ws/vs/build/my_robot_controller
[15.744s] Level 1:colcon.colcon_core.environment:create_environment_scripts_only(my_robot_controller)
[15.745s] DEBUG:colcon.colcon_core.event_handler.log_command:Invoked command in '/root/ros2_ws/vs/build/my_robot_controller' returned '0': CMAKE_PREFIX_PATH=${CMAKE_PREFIX_PATH}:/opt/ros/humble /usr/bin/cmake --install /root/ros2_ws/vs/build/my_robot_controller
[15.748s] Level 1:colcon.colcon_core.environment:checking '/root/ros2_ws/vs/install/my_robot_controller' for CMake module files
[15.749s] Level 1:colcon.colcon_core.environment:checking '/root/ros2_ws/vs/install/my_robot_controller' for CMake config files
[15.749s] Level 1:colcon.colcon_core.shell:create_environment_hook('my_robot_controller', 'cmake_prefix_path')
[15.750s] INFO:colcon.colcon_core.shell:Creating environment hook '/root/ros2_ws/vs/install/my_robot_controller/share/my_robot_controller/hook/cmake_prefix_path.ps1'
[15.751s] INFO:colcon.colcon_core.shell:Creating environment descriptor '/root/ros2_ws/vs/install/my_robot_controller/share/my_robot_controller/hook/cmake_prefix_path.dsv'
[15.751s] INFO:colcon.colcon_core.shell:Creating environment hook '/root/ros2_ws/vs/install/my_robot_controller/share/my_robot_controller/hook/cmake_prefix_path.sh'
[15.753s] Level 1:colcon.colcon_core.environment:checking '/root/ros2_ws/vs/install/my_robot_controller/lib'
[15.753s] Level 1:colcon.colcon_core.environment:checking '/root/ros2_ws/vs/install/my_robot_controller/bin'
[15.753s] Level 1:colcon.colcon_core.environment:checking '/root/ros2_ws/vs/install/my_robot_controller/lib/pkgconfig/my_robot_controller.pc'
[15.756s] Level 1:colcon.colcon_core.environment:checking '/root/ros2_ws/vs/install/my_robot_controller/lib/python3.10/site-packages'
[15.757s] Level 1:colcon.colcon_core.environment:checking '/root/ros2_ws/vs/install/my_robot_controller/bin'
[15.757s] INFO:colcon.colcon_core.shell:Creating package script '/root/ros2_ws/vs/install/my_robot_controller/share/my_robot_controller/package.ps1'
[15.759s] INFO:colcon.colcon_core.shell:Creating package descriptor '/root/ros2_ws/vs/install/my_robot_controller/share/my_robot_controller/package.dsv'
[15.760s] INFO:colcon.colcon_core.shell:Creating package script '/root/ros2_ws/vs/install/my_robot_controller/share/my_robot_controller/package.sh'
[15.761s] INFO:colcon.colcon_core.shell:Creating package script '/root/ros2_ws/vs/install/my_robot_controller/share/my_robot_controller/package.bash'
[15.762s] INFO:colcon.colcon_core.shell:Creating package script '/root/ros2_ws/vs/install/my_robot_controller/share/my_robot_controller/package.zsh'
[15.764s] Level 1:colcon.colcon_core.environment:create_file_with_runtime_dependencies(/root/ros2_ws/vs/install/my_robot_controller/share/colcon-core/packages/my_robot_controller)
[15.764s] Level 1:colcon.colcon_core.environment:create_environment_scripts_only(my_robot_controller)
[15.765s] Level 1:colcon.colcon_core.environment:checking '/root/ros2_ws/vs/install/my_robot_controller' for CMake module files
[15.766s] Level 1:colcon.colcon_core.environment:checking '/root/ros2_ws/vs/install/my_robot_controller' for CMake config files
[15.766s] Level 1:colcon.colcon_core.shell:create_environment_hook('my_robot_controller', 'cmake_prefix_path')
[15.766s] INFO:colcon.colcon_core.shell:Creating environment hook '/root/ros2_ws/vs/install/my_robot_controller/share/my_robot_controller/hook/cmake_prefix_path.ps1'
[15.767s] INFO:colcon.colcon_core.shell:Creating environment descriptor '/root/ros2_ws/vs/install/my_robot_controller/share/my_robot_controller/hook/cmake_prefix_path.dsv'
[15.767s] INFO:colcon.colcon_core.shell:Creating environment hook '/root/ros2_ws/vs/install/my_robot_controller/share/my_robot_controller/hook/cmake_prefix_path.sh'
[15.768s] Level 1:colcon.colcon_core.environment:checking '/root/ros2_ws/vs/install/my_robot_controller/lib'
[15.768s] Level 1:colcon.colcon_core.environment:checking '/root/ros2_ws/vs/install/my_robot_controller/bin'
[15.768s] Level 1:colcon.colcon_core.environment:checking '/root/ros2_ws/vs/install/my_robot_controller/lib/pkgconfig/my_robot_controller.pc'
[15.769s] Level 1:colcon.colcon_core.environment:checking '/root/ros2_ws/vs/install/my_robot_controller/lib/python3.10/site-packages'
[15.769s] Level 1:colcon.colcon_core.environment:checking '/root/ros2_ws/vs/install/my_robot_controller/bin'
[15.770s] INFO:colcon.colcon_core.shell:Creating package script '/root/ros2_ws/vs/install/my_robot_controller/share/my_robot_controller/package.ps1'
[15.771s] INFO:colcon.colcon_core.shell:Creating package descriptor '/root/ros2_ws/vs/install/my_robot_controller/share/my_robot_controller/package.dsv'
[15.771s] INFO:colcon.colcon_core.shell:Creating package script '/root/ros2_ws/vs/install/my_robot_controller/share/my_robot_controller/package.sh'
[15.772s] INFO:colcon.colcon_core.shell:Creating package script '/root/ros2_ws/vs/install/my_robot_controller/share/my_robot_controller/package.bash'
[15.773s] INFO:colcon.colcon_core.shell:Creating package script '/root/ros2_ws/vs/install/my_robot_controller/share/my_robot_controller/package.zsh'
[15.773s] Level 1:colcon.colcon_core.environment:create_file_with_runtime_dependencies(/root/ros2_ws/vs/install/my_robot_controller/share/colcon-core/packages/my_robot_controller)
[15.774s] DEBUG:colcon.colcon_parallel_executor.executor.parallel:closing loop
[15.774s] DEBUG:colcon.colcon_parallel_executor.executor.parallel:loop closed
[15.774s] DEBUG:colcon.colcon_parallel_executor.executor.parallel:run_until_complete finished with '0'
[15.774s] DEBUG:colcon.colcon_core.event_reactor:joining thread
[15.783s] INFO:colcon.colcon_core.plugin_system:Skipping extension 'colcon_notification.desktop_notification.notify_send': Could not find 'notify-send'
[15.783s] INFO:colcon.colcon_core.plugin_system:Skipping extension 'colcon_notification.desktop_notification.terminal_notifier': Not used on non-Darwin systems
[15.783s] INFO:colcon.colcon_core.plugin_system:Skipping extension 'colcon_notification.desktop_notification.win32': Not used on non-Windows systems
[15.783s] INFO:colcon.colcon_notification.desktop_notification:Sending desktop notification using 'notify2'
[15.787s] DEBUG:colcon.colcon_notification.desktop_notification.notify2:Failed to initialize notify2: org.freedesktop.DBus.Error.Spawn.ExecFailed: /usr/bin/dbus-launch terminated abnormally without any error message
[15.787s] DEBUG:colcon.colcon_core.event_reactor:joined thread
[15.788s] INFO:colcon.colcon_core.shell:Creating prefix script '/root/ros2_ws/vs/install/local_setup.ps1'
[15.792s] INFO:colcon.colcon_core.shell:Creating prefix util module '/root/ros2_ws/vs/install/_local_setup_util_ps1.py'
[15.794s] INFO:colcon.colcon_core.shell:Creating prefix chain script '/root/ros2_ws/vs/install/setup.ps1'
[15.797s] INFO:colcon.colcon_core.shell:Creating prefix script '/root/ros2_ws/vs/install/local_setup.sh'
[15.798s] INFO:colcon.colcon_core.shell:Creating prefix util module '/root/ros2_ws/vs/install/_local_setup_util_sh.py'
[15.799s] INFO:colcon.colcon_core.shell:Creating prefix chain script '/root/ros2_ws/vs/install/setup.sh'
[15.801s] INFO:colcon.colcon_core.shell:Creating prefix script '/root/ros2_ws/vs/install/local_setup.bash'
[15.802s] INFO:colcon.colcon_core.shell:Creating prefix chain script '/root/ros2_ws/vs/install/setup.bash'
[15.803s] INFO:colcon.colcon_core.shell:Creating prefix script '/root/ros2_ws/vs/install/local_setup.zsh'
[15.804s] INFO:colcon.colcon_core.shell:Creating prefix chain script '/root/ros2_ws/vs/install/setup.zsh'
